{"C:\\LexClear\\api\\_cache.ts": {"path":"C:\\LexClear\\api\\_cache.ts","all":false,"statementMap":{"5":{"start":{"line":6,"column":0},"end":{"line":6,"column":30}},"6":{"start":{"line":7,"column":0},"end":{"line":7,"column":51}},"7":{"start":{"line":8,"column":0},"end":{"line":8,"column":29}},"8":{"start":{"line":9,"column":0},"end":{"line":9,"column":24}},"10":{"start":{"line":11,"column":0},"end":{"line":11,"column":55}},"11":{"start":{"line":12,"column":0},"end":{"line":12,"column":33}},"12":{"start":{"line":13,"column":0},"end":{"line":13,"column":23}},"13":{"start":{"line":14,"column":0},"end":{"line":14,"column":3}},"15":{"start":{"line":16,"column":0},"end":{"line":16,"column":47}},"16":{"start":{"line":17,"column":0},"end":{"line":17,"column":74}},"17":{"start":{"line":18,"column":0},"end":{"line":18,"column":20}},"18":{"start":{"line":19,"column":0},"end":{"line":19,"column":47}},"19":{"start":{"line":20,"column":0},"end":{"line":20,"column":50}},"20":{"start":{"line":21,"column":0},"end":{"line":21,"column":5}},"21":{"start":{"line":22,"column":0},"end":{"line":22,"column":37}},"22":{"start":{"line":23,"column":0},"end":{"line":23,"column":3}},"24":{"start":{"line":25,"column":0},"end":{"line":25,"column":35}},"25":{"start":{"line":26,"column":0},"end":{"line":26,"column":38}},"26":{"start":{"line":27,"column":0},"end":{"line":27,"column":33}},"27":{"start":{"line":28,"column":0},"end":{"line":28,"column":39}},"28":{"start":{"line":29,"column":0},"end":{"line":29,"column":29}},"29":{"start":{"line":30,"column":0},"end":{"line":30,"column":23}},"30":{"start":{"line":31,"column":0},"end":{"line":31,"column":5}},"31":{"start":{"line":32,"column":0},"end":{"line":32,"column":23}},"32":{"start":{"line":33,"column":0},"end":{"line":33,"column":3}},"34":{"start":{"line":35,"column":0},"end":{"line":35,"column":36}},"35":{"start":{"line":36,"column":0},"end":{"line":36,"column":45}},"36":{"start":{"line":37,"column":0},"end":{"line":37,"column":54}},"37":{"start":{"line":38,"column":0},"end":{"line":38,"column":35}},"38":{"start":{"line":39,"column":0},"end":{"line":39,"column":36}},"39":{"start":{"line":40,"column":0},"end":{"line":40,"column":7}},"40":{"start":{"line":41,"column":0},"end":{"line":41,"column":5}},"41":{"start":{"line":42,"column":0},"end":{"line":42,"column":25}},"42":{"start":{"line":43,"column":0},"end":{"line":43,"column":12}},"43":{"start":{"line":44,"column":0},"end":{"line":44,"column":41}},"44":{"start":{"line":45,"column":0},"end":{"line":45,"column":7}},"45":{"start":{"line":46,"column":0},"end":{"line":46,"column":3}},"47":{"start":{"line":48,"column":0},"end":{"line":48,"column":17}},"48":{"start":{"line":49,"column":0},"end":{"line":49,"column":23}},"49":{"start":{"line":50,"column":0},"end":{"line":50,"column":3}},"50":{"start":{"line":51,"column":0},"end":{"line":51,"column":1}}},"s":{"5":1,"6":1,"7":2,"8":2,"10":1,"11":2,"12":2,"13":2,"15":1,"16":3,"17":3,"18":3,"19":183,"20":183,"21":3,"22":3,"24":1,"25":3,"26":3,"27":2,"28":0,"29":0,"30":0,"31":1,"32":3,"34":1,"35":2,"36":0,"37":0,"38":0,"39":0,"40":0,"41":2,"42":2,"43":2,"44":2,"45":2,"47":1,"48":2,"49":2,"50":1},"branchMap":{"0":{"type":"branch","line":7,"loc":{"start":{"line":7,"column":10},"end":{"line":9,"column":24}},"locations":[{"start":{"line":7,"column":10},"end":{"line":9,"column":24}}]},"1":{"type":"branch","line":11,"loc":{"start":{"line":11,"column":2},"end":{"line":14,"column":3}},"locations":[{"start":{"line":11,"column":2},"end":{"line":14,"column":3}}]},"2":{"type":"branch","line":16,"loc":{"start":{"line":16,"column":9},"end":{"line":23,"column":3}},"locations":[{"start":{"line":16,"column":9},"end":{"line":23,"column":3}}]},"3":{"type":"branch","line":19,"loc":{"start":{"line":19,"column":46},"end":{"line":21,"column":5}},"locations":[{"start":{"line":19,"column":46},"end":{"line":21,"column":5}}]},"4":{"type":"branch","line":17,"loc":{"start":{"line":17,"column":32},"end":{"line":17,"column":61}},"locations":[{"start":{"line":17,"column":32},"end":{"line":17,"column":61}}]},"5":{"type":"branch","line":25,"loc":{"start":{"line":25,"column":2},"end":{"line":33,"column":3}},"locations":[{"start":{"line":25,"column":2},"end":{"line":33,"column":3}}]},"6":{"type":"branch","line":27,"loc":{"start":{"line":27,"column":16},"end":{"line":32,"column":23}},"locations":[{"start":{"line":27,"column":16},"end":{"line":32,"column":23}}]},"7":{"type":"branch","line":27,"loc":{"start":{"line":27,"column":23},"end":{"line":28,"column":38}},"locations":[{"start":{"line":27,"column":23},"end":{"line":28,"column":38}}]},"8":{"type":"branch","line":28,"loc":{"start":{"line":28,"column":38},"end":{"line":31,"column":5}},"locations":[{"start":{"line":28,"column":38},"end":{"line":31,"column":5}}]},"9":{"type":"branch","line":31,"loc":{"start":{"line":31,"column":4},"end":{"line":32,"column":23}},"locations":[{"start":{"line":31,"column":4},"end":{"line":32,"column":23}}]},"10":{"type":"branch","line":35,"loc":{"start":{"line":35,"column":2},"end":{"line":46,"column":3}},"locations":[{"start":{"line":35,"column":2},"end":{"line":46,"column":3}}]},"11":{"type":"branch","line":36,"loc":{"start":{"line":36,"column":44},"end":{"line":41,"column":5}},"locations":[{"start":{"line":36,"column":44},"end":{"line":41,"column":5}}]},"12":{"type":"branch","line":48,"loc":{"start":{"line":48,"column":2},"end":{"line":50,"column":3}},"locations":[{"start":{"line":48,"column":2},"end":{"line":50,"column":3}}]}},"b":{"0":[2],"1":[2],"2":[3],"3":[183],"4":[4],"5":[3],"6":[2],"7":[1],"8":[0],"9":[1],"10":[2],"11":[0],"12":[2]},"fnMap":{"0":{"name":"<instance_members_initializer>","decl":{"start":{"line":7,"column":10},"end":{"line":9,"column":24}},"loc":{"start":{"line":7,"column":10},"end":{"line":9,"column":24}},"line":7},"1":{"name":"RequestCache","decl":{"start":{"line":11,"column":2},"end":{"line":14,"column":3}},"loc":{"start":{"line":11,"column":2},"end":{"line":14,"column":3}},"line":11},"2":{"name":"hashKey","decl":{"start":{"line":16,"column":9},"end":{"line":23,"column":3}},"loc":{"start":{"line":16,"column":9},"end":{"line":23,"column":3}},"line":16},"3":{"name":"get","decl":{"start":{"line":25,"column":2},"end":{"line":33,"column":3}},"loc":{"start":{"line":25,"column":2},"end":{"line":33,"column":3}},"line":25},"4":{"name":"set","decl":{"start":{"line":35,"column":2},"end":{"line":46,"column":3}},"loc":{"start":{"line":35,"column":2},"end":{"line":46,"column":3}},"line":35},"5":{"name":"clear","decl":{"start":{"line":48,"column":2},"end":{"line":50,"column":3}},"loc":{"start":{"line":48,"column":2},"end":{"line":50,"column":3}},"line":48}},"f":{"0":2,"1":2,"2":3,"3":3,"4":2,"5":2}}
,"C:\\LexClear\\api\\_shared.ts": {"path":"C:\\LexClear\\api\\_shared.ts","all":false,"statementMap":{"1":{"start":{"line":2,"column":0},"end":{"line":2,"column":45}},"3":{"start":{"line":4,"column":0},"end":{"line":4,"column":69}},"4":{"start":{"line":5,"column":0},"end":{"line":5,"column":25}},"5":{"start":{"line":6,"column":0},"end":{"line":6,"column":24}},"7":{"start":{"line":8,"column":0},"end":{"line":8,"column":80}},"8":{"start":{"line":9,"column":0},"end":{"line":9,"column":51}},"9":{"start":{"line":10,"column":0},"end":{"line":10,"column":12}},"10":{"start":{"line":11,"column":0},"end":{"line":11,"column":94}},"11":{"start":{"line":12,"column":0},"end":{"line":12,"column":25}},"12":{"start":{"line":13,"column":0},"end":{"line":13,"column":32}},"13":{"start":{"line":14,"column":0},"end":{"line":14,"column":40}},"14":{"start":{"line":15,"column":0},"end":{"line":15,"column":59}},"15":{"start":{"line":16,"column":0},"end":{"line":16,"column":16}},"16":{"start":{"line":17,"column":0},"end":{"line":17,"column":3}},"17":{"start":{"line":18,"column":0},"end":{"line":18,"column":20}},"18":{"start":{"line":19,"column":0},"end":{"line":19,"column":36}},"19":{"start":{"line":20,"column":0},"end":{"line":20,"column":94}},"20":{"start":{"line":21,"column":0},"end":{"line":21,"column":17}},"21":{"start":{"line":22,"column":0},"end":{"line":22,"column":3}},"22":{"start":{"line":23,"column":0},"end":{"line":23,"column":14}},"23":{"start":{"line":24,"column":0},"end":{"line":24,"column":1}},"25":{"start":{"line":26,"column":0},"end":{"line":26,"column":76}},"26":{"start":{"line":27,"column":0},"end":{"line":27,"column":41}},"27":{"start":{"line":28,"column":0},"end":{"line":28,"column":33}},"28":{"start":{"line":29,"column":0},"end":{"line":29,"column":56}},"29":{"start":{"line":30,"column":0},"end":{"line":30,"column":15}},"30":{"start":{"line":31,"column":0},"end":{"line":31,"column":1}},"32":{"start":{"line":33,"column":0},"end":{"line":33,"column":29}},"33":{"start":{"line":34,"column":0},"end":{"line":34,"column":21}},"34":{"start":{"line":35,"column":0},"end":{"line":35,"column":21}},"35":{"start":{"line":36,"column":0},"end":{"line":36,"column":21}},"36":{"start":{"line":37,"column":0},"end":{"line":37,"column":13}},"37":{"start":{"line":38,"column":0},"end":{"line":38,"column":7}},"38":{"start":{"line":39,"column":0},"end":{"line":39,"column":34}},"39":{"start":{"line":40,"column":0},"end":{"line":40,"column":19}},"40":{"start":{"line":41,"column":0},"end":{"line":41,"column":19}},"41":{"start":{"line":42,"column":0},"end":{"line":42,"column":31}},"42":{"start":{"line":43,"column":0},"end":{"line":43,"column":63}},"43":{"start":{"line":44,"column":0},"end":{"line":44,"column":28}},"44":{"start":{"line":45,"column":0},"end":{"line":45,"column":45}},"45":{"start":{"line":46,"column":0},"end":{"line":46,"column":16}},"46":{"start":{"line":47,"column":0},"end":{"line":47,"column":3}},"47":{"start":{"line":48,"column":0},"end":{"line":48,"column":1}}},"s":{"1":1,"3":1,"4":1,"5":1,"7":1,"8":30,"9":30,"10":30,"11":30,"12":30,"13":30,"14":8,"15":8,"16":8,"17":22,"18":29,"19":1,"20":1,"21":1,"22":21,"23":21,"25":1,"26":14,"27":1,"28":1,"29":1,"30":1,"32":1,"33":13,"34":13,"35":13,"36":13,"37":13,"38":13,"39":13,"40":2,"41":2,"42":2,"43":0,"44":2,"45":2,"46":2,"47":13},"branchMap":{"0":{"type":"branch","line":8,"loc":{"start":{"line":8,"column":7},"end":{"line":24,"column":1}},"locations":[{"start":{"line":8,"column":7},"end":{"line":24,"column":1}}]},"1":{"type":"branch","line":11,"loc":{"start":{"line":11,"column":28},"end":{"line":11,"column":47}},"locations":[{"start":{"line":11,"column":28},"end":{"line":11,"column":47}}]},"2":{"type":"branch","line":11,"loc":{"start":{"line":11,"column":47},"end":{"line":11,"column":65}},"locations":[{"start":{"line":11,"column":47},"end":{"line":11,"column":65}}]},"3":{"type":"branch","line":11,"loc":{"start":{"line":11,"column":71},"end":{"line":11,"column":79}},"locations":[{"start":{"line":11,"column":71},"end":{"line":11,"column":79}}]},"4":{"type":"branch","line":11,"loc":{"start":{"line":11,"column":79},"end":{"line":11,"column":94}},"locations":[{"start":{"line":11,"column":79},"end":{"line":11,"column":94}}]},"5":{"type":"branch","line":14,"loc":{"start":{"line":14,"column":7},"end":{"line":14,"column":39}},"locations":[{"start":{"line":14,"column":7},"end":{"line":14,"column":39}}]},"6":{"type":"branch","line":14,"loc":{"start":{"line":14,"column":39},"end":{"line":24,"column":1}},"locations":[{"start":{"line":14,"column":39},"end":{"line":24,"column":1}}]},"7":{"type":"branch","line":14,"loc":{"start":{"line":14,"column":39},"end":{"line":19,"column":35}},"locations":[{"start":{"line":14,"column":39},"end":{"line":19,"column":35}}]},"8":{"type":"branch","line":14,"loc":{"start":{"line":14,"column":39},"end":{"line":17,"column":3}},"locations":[{"start":{"line":14,"column":39},"end":{"line":17,"column":3}}]},"9":{"type":"branch","line":17,"loc":{"start":{"line":17,"column":2},"end":{"line":19,"column":35}},"locations":[{"start":{"line":17,"column":2},"end":{"line":19,"column":35}}]},"10":{"type":"branch","line":19,"loc":{"start":{"line":19,"column":35},"end":{"line":22,"column":3}},"locations":[{"start":{"line":19,"column":35},"end":{"line":22,"column":3}}]},"11":{"type":"branch","line":22,"loc":{"start":{"line":22,"column":2},"end":{"line":24,"column":1}},"locations":[{"start":{"line":22,"column":2},"end":{"line":24,"column":1}}]},"12":{"type":"branch","line":26,"loc":{"start":{"line":26,"column":7},"end":{"line":31,"column":1}},"locations":[{"start":{"line":26,"column":7},"end":{"line":31,"column":1}}]},"13":{"type":"branch","line":27,"loc":{"start":{"line":27,"column":29},"end":{"line":31,"column":1}},"locations":[{"start":{"line":27,"column":29},"end":{"line":31,"column":1}}]},"14":{"type":"branch","line":27,"loc":{"start":{"line":27,"column":36},"end":{"line":31,"column":1}},"locations":[{"start":{"line":27,"column":36},"end":{"line":31,"column":1}}]},"15":{"type":"branch","line":33,"loc":{"start":{"line":33,"column":7},"end":{"line":48,"column":1}},"locations":[{"start":{"line":33,"column":7},"end":{"line":48,"column":1}}]},"16":{"type":"branch","line":40,"loc":{"start":{"line":40,"column":2},"end":{"line":47,"column":3}},"locations":[{"start":{"line":40,"column":2},"end":{"line":47,"column":3}}]},"17":{"type":"branch","line":43,"loc":{"start":{"line":43,"column":62},"end":{"line":44,"column":28}},"locations":[{"start":{"line":43,"column":62},"end":{"line":44,"column":28}}]},"18":{"type":"branch","line":43,"loc":{"start":{"line":43,"column":27},"end":{"line":43,"column":51}},"locations":[{"start":{"line":43,"column":27},"end":{"line":43,"column":51}}]}},"b":{"0":[30],"1":[0],"2":[29],"3":[29],"4":[1],"5":[22],"6":[29],"7":[27],"8":[8],"9":[22],"10":[1],"11":[21],"12":[14],"13":[13],"14":[1],"15":[13],"16":[2],"17":[0],"18":[2]},"fnMap":{"0":{"name":"allowRequest","decl":{"start":{"line":8,"column":7},"end":{"line":24,"column":1}},"loc":{"start":{"line":8,"column":7},"end":{"line":24,"column":1}},"line":8},"1":{"name":"postOnly","decl":{"start":{"line":26,"column":7},"end":{"line":31,"column":1}},"loc":{"start":{"line":26,"column":7},"end":{"line":31,"column":1}},"line":26},"2":{"name":"parseBody","decl":{"start":{"line":33,"column":7},"end":{"line":48,"column":1}},"loc":{"start":{"line":33,"column":7},"end":{"line":48,"column":1}},"line":33}},"f":{"0":30,"1":14,"2":13}}
,"C:\\LexClear\\api\\chat.ts": {"path":"C:\\LexClear\\api\\chat.ts","all":false,"statementMap":{"1":{"start":{"line":2,"column":0},"end":{"line":2,"column":68}},"2":{"start":{"line":3,"column":0},"end":{"line":3,"column":48}},"3":{"start":{"line":4,"column":0},"end":{"line":4,"column":62}},"5":{"start":{"line":6,"column":0},"end":{"line":6,"column":95}},"6":{"start":{"line":7,"column":0},"end":{"line":7,"column":61}},"7":{"start":{"line":8,"column":0},"end":{"line":8,"column":47}},"8":{"start":{"line":9,"column":0},"end":{"line":9,"column":20}},"10":{"start":{"line":11,"column":0},"end":{"line":11,"column":7}},"11":{"start":{"line":12,"column":0},"end":{"line":12,"column":43}},"12":{"start":{"line":13,"column":0},"end":{"line":13,"column":58}},"13":{"start":{"line":14,"column":0},"end":{"line":14,"column":57}},"14":{"start":{"line":15,"column":0},"end":{"line":15,"column":76}},"15":{"start":{"line":16,"column":0},"end":{"line":16,"column":9}},"16":{"start":{"line":17,"column":0},"end":{"line":17,"column":6}},"17":{"start":{"line":18,"column":0},"end":{"line":18,"column":47}},"18":{"start":{"line":19,"column":0},"end":{"line":19,"column":11}},"19":{"start":{"line":20,"column":0},"end":{"line":20,"column":7}},"20":{"start":{"line":21,"column":0},"end":{"line":21,"column":18}},"21":{"start":{"line":22,"column":0},"end":{"line":22,"column":13}},"22":{"start":{"line":23,"column":0},"end":{"line":23,"column":123}},"23":{"start":{"line":24,"column":0},"end":{"line":24,"column":23}},"24":{"start":{"line":25,"column":0},"end":{"line":25,"column":9}},"25":{"start":{"line":26,"column":0},"end":{"line":26,"column":3}},"26":{"start":{"line":27,"column":0},"end":{"line":27,"column":1}}},"s":{"1":1,"2":1,"3":1,"5":2,"6":2,"7":2,"8":2,"10":2,"11":2,"12":2,"13":1,"14":2,"15":2,"16":2,"17":1,"18":1,"19":1,"20":1,"21":1,"22":1,"23":1,"24":1,"25":1,"26":2},"branchMap":{"0":{"type":"branch","line":6,"loc":{"start":{"line":6,"column":0},"end":{"line":27,"column":1}},"locations":[{"start":{"line":6,"column":0},"end":{"line":27,"column":1}}]},"1":{"type":"branch","line":7,"loc":{"start":{"line":7,"column":54},"end":{"line":7,"column":61}},"locations":[{"start":{"line":7,"column":54},"end":{"line":7,"column":61}}]},"2":{"type":"branch","line":9,"loc":{"start":{"line":9,"column":13},"end":{"line":9,"column":20}},"locations":[{"start":{"line":9,"column":13},"end":{"line":9,"column":20}}]},"3":{"type":"branch","line":13,"loc":{"start":{"line":13,"column":14},"end":{"line":15,"column":72}},"locations":[{"start":{"line":13,"column":14},"end":{"line":15,"column":72}}]},"4":{"type":"branch","line":15,"loc":{"start":{"line":15,"column":61},"end":{"line":15,"column":74}},"locations":[{"start":{"line":15,"column":61},"end":{"line":15,"column":74}}]},"5":{"type":"branch","line":17,"loc":{"start":{"line":17,"column":4},"end":{"line":26,"column":3}},"locations":[{"start":{"line":17,"column":4},"end":{"line":26,"column":3}}]}},"b":{"0":[2],"1":[0],"2":[0],"3":[1],"4":[0],"5":[1]},"fnMap":{"0":{"name":"handler","decl":{"start":{"line":6,"column":0},"end":{"line":27,"column":1}},"loc":{"start":{"line":6,"column":0},"end":{"line":27,"column":1}},"line":6}},"f":{"0":2}}
,"C:\\LexClear\\api\\compare.ts": {"path":"C:\\LexClear\\api\\compare.ts","all":false,"statementMap":{"1":{"start":{"line":2,"column":0},"end":{"line":2,"column":8}},"6":{"start":{"line":7,"column":0},"end":{"line":7,"column":51}},"7":{"start":{"line":8,"column":0},"end":{"line":8,"column":62}},"8":{"start":{"line":9,"column":0},"end":{"line":9,"column":40}},"10":{"start":{"line":11,"column":0},"end":{"line":11,"column":46}},"13":{"start":{"line":14,"column":0},"end":{"line":14,"column":5}},"15":{"start":{"line":16,"column":0},"end":{"line":16,"column":38}},"16":{"start":{"line":17,"column":0},"end":{"line":17,"column":21}},"17":{"start":{"line":18,"column":0},"end":{"line":18,"column":21}},"18":{"start":{"line":19,"column":0},"end":{"line":19,"column":18}},"19":{"start":{"line":20,"column":0},"end":{"line":20,"column":61}},"20":{"start":{"line":21,"column":0},"end":{"line":21,"column":50}},"21":{"start":{"line":22,"column":0},"end":{"line":22,"column":20}},"23":{"start":{"line":24,"column":0},"end":{"line":24,"column":60}},"24":{"start":{"line":25,"column":0},"end":{"line":25,"column":39}},"25":{"start":{"line":26,"column":0},"end":{"line":26,"column":15}},"26":{"start":{"line":27,"column":0},"end":{"line":27,"column":75}},"27":{"start":{"line":28,"column":0},"end":{"line":28,"column":11}},"28":{"start":{"line":29,"column":0},"end":{"line":29,"column":3}},"30":{"start":{"line":31,"column":0},"end":{"line":31,"column":43}},"31":{"start":{"line":32,"column":0},"end":{"line":32,"column":15}},"32":{"start":{"line":33,"column":0},"end":{"line":33,"column":16}},"33":{"start":{"line":34,"column":0},"end":{"line":34,"column":23}},"34":{"start":{"line":35,"column":0},"end":{"line":35,"column":48}},"35":{"start":{"line":36,"column":0},"end":{"line":36,"column":63}},"36":{"start":{"line":37,"column":0},"end":{"line":37,"column":62}},"37":{"start":{"line":38,"column":0},"end":{"line":38,"column":5}},"38":{"start":{"line":39,"column":0},"end":{"line":39,"column":4}},"40":{"start":{"line":41,"column":0},"end":{"line":41,"column":25}},"41":{"start":{"line":42,"column":0},"end":{"line":42,"column":34}},"42":{"start":{"line":43,"column":0},"end":{"line":43,"column":3}},"44":{"start":{"line":45,"column":0},"end":{"line":45,"column":73}},"45":{"start":{"line":46,"column":0},"end":{"line":46,"column":1}}},"s":{"1":1,"6":1,"7":1,"8":1,"10":1,"13":1,"15":1,"16":1,"17":1,"18":1,"19":1,"20":1,"21":1,"23":1,"24":1,"25":1,"26":0,"27":0,"28":0,"30":1,"31":1,"32":1,"33":1,"34":1,"35":1,"36":1,"37":1,"38":1,"40":1,"41":1,"42":1,"44":1,"45":1},"branchMap":{"0":{"type":"branch","line":16,"loc":{"start":{"line":16,"column":0},"end":{"line":46,"column":1}},"locations":[{"start":{"line":16,"column":0},"end":{"line":46,"column":1}}]},"1":{"type":"branch","line":20,"loc":{"start":{"line":20,"column":54},"end":{"line":20,"column":61}},"locations":[{"start":{"line":20,"column":54},"end":{"line":20,"column":61}}]},"2":{"type":"branch","line":22,"loc":{"start":{"line":22,"column":13},"end":{"line":22,"column":20}},"locations":[{"start":{"line":22,"column":13},"end":{"line":22,"column":20}}]},"3":{"type":"branch","line":26,"loc":{"start":{"line":26,"column":14},"end":{"line":29,"column":3}},"locations":[{"start":{"line":26,"column":14},"end":{"line":29,"column":3}}]},"4":{"type":"branch","line":34,"loc":{"start":{"line":34,"column":4},"end":{"line":38,"column":5}},"locations":[{"start":{"line":34,"column":4},"end":{"line":38,"column":5}}]},"5":{"type":"branch","line":36,"loc":{"start":{"line":36,"column":19},"end":{"line":36,"column":63}},"locations":[{"start":{"line":36,"column":19},"end":{"line":36,"column":63}}]}},"b":{"0":[1],"1":[0],"2":[0],"3":[0],"4":[1],"5":[0]},"fnMap":{"0":{"name":"handler","decl":{"start":{"line":16,"column":0},"end":{"line":46,"column":1}},"loc":{"start":{"line":16,"column":0},"end":{"line":46,"column":1}},"line":16}},"f":{"0":1}}
,"C:\\LexClear\\api\\ocr.ts": {"path":"C:\\LexClear\\api\\ocr.ts","all":false,"statementMap":{"1":{"start":{"line":2,"column":0},"end":{"line":2,"column":57}},"2":{"start":{"line":3,"column":0},"end":{"line":3,"column":47}},"3":{"start":{"line":4,"column":0},"end":{"line":4,"column":49}},"4":{"start":{"line":5,"column":0},"end":{"line":5,"column":62}},"6":{"start":{"line":7,"column":0},"end":{"line":7,"column":37}},"7":{"start":{"line":8,"column":0},"end":{"line":8,"column":38}},"9":{"start":{"line":10,"column":0},"end":{"line":10,"column":38}},"10":{"start":{"line":11,"column":0},"end":{"line":11,"column":21}},"11":{"start":{"line":12,"column":0},"end":{"line":12,"column":21}},"12":{"start":{"line":13,"column":0},"end":{"line":13,"column":18}},"13":{"start":{"line":14,"column":0},"end":{"line":14,"column":61}},"15":{"start":{"line":16,"column":0},"end":{"line":16,"column":60}},"16":{"start":{"line":17,"column":0},"end":{"line":17,"column":28}},"17":{"start":{"line":18,"column":0},"end":{"line":18,"column":35}},"18":{"start":{"line":19,"column":0},"end":{"line":19,"column":40}},"19":{"start":{"line":20,"column":0},"end":{"line":20,"column":32}},"20":{"start":{"line":21,"column":0},"end":{"line":21,"column":30}},"21":{"start":{"line":22,"column":0},"end":{"line":22,"column":8}},"22":{"start":{"line":23,"column":0},"end":{"line":23,"column":6}},"23":{"start":{"line":24,"column":0},"end":{"line":24,"column":70}},"24":{"start":{"line":25,"column":0},"end":{"line":25,"column":72}},"25":{"start":{"line":26,"column":0},"end":{"line":26,"column":13}},"26":{"start":{"line":27,"column":0},"end":{"line":27,"column":5}},"27":{"start":{"line":28,"column":0},"end":{"line":28,"column":3}},"29":{"start":{"line":30,"column":0},"end":{"line":30,"column":46}},"30":{"start":{"line":31,"column":0},"end":{"line":31,"column":20}},"32":{"start":{"line":33,"column":0},"end":{"line":33,"column":52}},"33":{"start":{"line":34,"column":0},"end":{"line":34,"column":70}},"34":{"start":{"line":35,"column":0},"end":{"line":35,"column":11}},"35":{"start":{"line":36,"column":0},"end":{"line":36,"column":3}},"37":{"start":{"line":38,"column":0},"end":{"line":38,"column":7}},"38":{"start":{"line":39,"column":0},"end":{"line":39,"column":59}},"39":{"start":{"line":40,"column":0},"end":{"line":40,"column":41}},"40":{"start":{"line":41,"column":0},"end":{"line":41,"column":72}},"41":{"start":{"line":42,"column":0},"end":{"line":42,"column":13}},"42":{"start":{"line":43,"column":0},"end":{"line":43,"column":5}},"43":{"start":{"line":44,"column":0},"end":{"line":44,"column":62}},"45":{"start":{"line":46,"column":0},"end":{"line":46,"column":22}},"46":{"start":{"line":47,"column":0},"end":{"line":47,"column":76}},"47":{"start":{"line":48,"column":0},"end":{"line":48,"column":13}},"48":{"start":{"line":49,"column":0},"end":{"line":49,"column":5}},"49":{"start":{"line":50,"column":0},"end":{"line":50,"column":52}},"50":{"start":{"line":51,"column":0},"end":{"line":51,"column":49}},"51":{"start":{"line":52,"column":0},"end":{"line":52,"column":59}},"52":{"start":{"line":53,"column":0},"end":{"line":53,"column":55}},"53":{"start":{"line":54,"column":0},"end":{"line":54,"column":60}},"54":{"start":{"line":55,"column":0},"end":{"line":55,"column":11}},"55":{"start":{"line":56,"column":0},"end":{"line":56,"column":7}},"56":{"start":{"line":57,"column":0},"end":{"line":57,"column":18}},"57":{"start":{"line":58,"column":0},"end":{"line":58,"column":76}},"58":{"start":{"line":59,"column":0},"end":{"line":59,"column":3}},"59":{"start":{"line":60,"column":0},"end":{"line":60,"column":1}}},"s":{"1":1,"2":1,"3":1,"4":1,"6":1,"7":1,"9":5,"10":5,"11":5,"12":5,"13":5,"15":5,"16":5,"17":1,"18":1,"19":0,"20":1,"21":1,"22":1,"23":1,"24":1,"25":1,"26":1,"27":1,"29":4,"30":4,"32":5,"33":0,"34":0,"35":0,"37":3,"38":3,"39":5,"40":0,"41":0,"42":0,"43":3,"45":5,"46":1,"47":1,"48":1,"49":1,"50":5,"51":1,"52":5,"53":1,"54":1,"55":1,"56":1,"57":1,"58":1,"59":5},"branchMap":{"0":{"type":"branch","line":10,"loc":{"start":{"line":10,"column":0},"end":{"line":60,"column":1}},"locations":[{"start":{"line":10,"column":0},"end":{"line":60,"column":1}}]},"1":{"type":"branch","line":14,"loc":{"start":{"line":14,"column":54},"end":{"line":14,"column":61}},"locations":[{"start":{"line":14,"column":54},"end":{"line":14,"column":61}}]},"2":{"type":"branch","line":17,"loc":{"start":{"line":17,"column":27},"end":{"line":28,"column":3}},"locations":[{"start":{"line":17,"column":27},"end":{"line":28,"column":3}}]},"3":{"type":"branch","line":19,"loc":{"start":{"line":19,"column":39},"end":{"line":20,"column":32}},"locations":[{"start":{"line":19,"column":39},"end":{"line":20,"column":32}}]},"4":{"type":"branch","line":28,"loc":{"start":{"line":28,"column":2},"end":{"line":31,"column":20}},"locations":[{"start":{"line":28,"column":2},"end":{"line":31,"column":20}}]},"5":{"type":"branch","line":31,"loc":{"start":{"line":31,"column":13},"end":{"line":31,"column":20}},"locations":[{"start":{"line":31,"column":13},"end":{"line":31,"column":20}}]},"6":{"type":"branch","line":31,"loc":{"start":{"line":31,"column":13},"end":{"line":33,"column":51}},"locations":[{"start":{"line":31,"column":13},"end":{"line":33,"column":51}}]},"7":{"type":"branch","line":33,"loc":{"start":{"line":33,"column":51},"end":{"line":36,"column":3}},"locations":[{"start":{"line":33,"column":51},"end":{"line":36,"column":3}}]},"8":{"type":"branch","line":36,"loc":{"start":{"line":36,"column":2},"end":{"line":40,"column":40}},"locations":[{"start":{"line":36,"column":2},"end":{"line":40,"column":40}}]},"9":{"type":"branch","line":40,"loc":{"start":{"line":40,"column":40},"end":{"line":43,"column":5}},"locations":[{"start":{"line":40,"column":40},"end":{"line":43,"column":5}}]},"10":{"type":"branch","line":43,"loc":{"start":{"line":43,"column":4},"end":{"line":44,"column":62}},"locations":[{"start":{"line":43,"column":4},"end":{"line":44,"column":62}}]},"11":{"type":"branch","line":44,"loc":{"start":{"line":44,"column":60},"end":{"line":46,"column":21}},"locations":[{"start":{"line":44,"column":60},"end":{"line":46,"column":21}}]},"12":{"type":"branch","line":46,"loc":{"start":{"line":46,"column":21},"end":{"line":51,"column":20}},"locations":[{"start":{"line":46,"column":21},"end":{"line":51,"column":20}}]},"13":{"type":"branch","line":51,"loc":{"start":{"line":51,"column":14},"end":{"line":51,"column":49}},"locations":[{"start":{"line":51,"column":14},"end":{"line":51,"column":49}}]},"14":{"type":"branch","line":51,"loc":{"start":{"line":51,"column":47},"end":{"line":53,"column":28}},"locations":[{"start":{"line":51,"column":47},"end":{"line":53,"column":28}}]},"15":{"type":"branch","line":53,"loc":{"start":{"line":53,"column":22},"end":{"line":53,"column":55}},"locations":[{"start":{"line":53,"column":22},"end":{"line":53,"column":55}}]},"16":{"type":"branch","line":53,"loc":{"start":{"line":53,"column":53},"end":{"line":59,"column":3}},"locations":[{"start":{"line":53,"column":53},"end":{"line":59,"column":3}}]}},"b":{"0":[5],"1":[0],"2":[1],"3":[0],"4":[4],"5":[1],"6":[3],"7":[0],"8":[3],"9":[0],"10":[3],"11":[2],"12":[1],"13":[0],"14":[1],"15":[0],"16":[1]},"fnMap":{"0":{"name":"handler","decl":{"start":{"line":10,"column":0},"end":{"line":60,"column":1}},"loc":{"start":{"line":10,"column":0},"end":{"line":60,"column":1}},"line":10}},"f":{"0":5}}
,"C:\\LexClear\\api\\simplify.ts": {"path":"C:\\LexClear\\api\\simplify.ts","all":false,"statementMap":{"1":{"start":{"line":2,"column":0},"end":{"line":2,"column":52}},"2":{"start":{"line":3,"column":0},"end":{"line":3,"column":8}},"7":{"start":{"line":8,"column":0},"end":{"line":8,"column":62}},"8":{"start":{"line":9,"column":0},"end":{"line":9,"column":40}},"10":{"start":{"line":11,"column":0},"end":{"line":11,"column":47}},"13":{"start":{"line":14,"column":0},"end":{"line":14,"column":5}},"15":{"start":{"line":16,"column":0},"end":{"line":16,"column":38}},"16":{"start":{"line":17,"column":0},"end":{"line":17,"column":21}},"17":{"start":{"line":18,"column":0},"end":{"line":18,"column":21}},"18":{"start":{"line":19,"column":0},"end":{"line":19,"column":18}},"19":{"start":{"line":20,"column":0},"end":{"line":20,"column":61}},"20":{"start":{"line":21,"column":0},"end":{"line":21,"column":51}},"21":{"start":{"line":22,"column":0},"end":{"line":22,"column":20}},"23":{"start":{"line":24,"column":0},"end":{"line":24,"column":46}},"24":{"start":{"line":25,"column":0},"end":{"line":25,"column":40}},"25":{"start":{"line":26,"column":0},"end":{"line":26,"column":15}},"26":{"start":{"line":27,"column":0},"end":{"line":27,"column":75}},"27":{"start":{"line":28,"column":0},"end":{"line":28,"column":11}},"28":{"start":{"line":29,"column":0},"end":{"line":29,"column":3}},"30":{"start":{"line":31,"column":0},"end":{"line":31,"column":74}},"31":{"start":{"line":32,"column":0},"end":{"line":32,"column":46}},"32":{"start":{"line":33,"column":0},"end":{"line":33,"column":61}},"33":{"start":{"line":34,"column":0},"end":{"line":34,"column":60}},"34":{"start":{"line":35,"column":0},"end":{"line":35,"column":5}},"36":{"start":{"line":37,"column":0},"end":{"line":37,"column":25}},"37":{"start":{"line":38,"column":0},"end":{"line":38,"column":35}},"38":{"start":{"line":39,"column":0},"end":{"line":39,"column":3}},"40":{"start":{"line":41,"column":0},"end":{"line":41,"column":73}},"41":{"start":{"line":42,"column":0},"end":{"line":42,"column":1}}},"s":{"1":1,"2":1,"7":1,"8":1,"10":1,"13":1,"15":2,"16":2,"17":2,"18":2,"19":2,"20":2,"21":2,"23":2,"24":2,"25":2,"26":1,"27":1,"28":1,"30":1,"31":1,"32":1,"33":1,"34":1,"36":1,"37":1,"38":1,"40":1,"41":1},"branchMap":{"0":{"type":"branch","line":16,"loc":{"start":{"line":16,"column":0},"end":{"line":42,"column":1}},"locations":[{"start":{"line":16,"column":0},"end":{"line":42,"column":1}}]},"1":{"type":"branch","line":20,"loc":{"start":{"line":20,"column":54},"end":{"line":20,"column":61}},"locations":[{"start":{"line":20,"column":54},"end":{"line":20,"column":61}}]},"2":{"type":"branch","line":22,"loc":{"start":{"line":22,"column":13},"end":{"line":22,"column":20}},"locations":[{"start":{"line":22,"column":13},"end":{"line":22,"column":20}}]},"3":{"type":"branch","line":26,"loc":{"start":{"line":26,"column":14},"end":{"line":42,"column":1}},"locations":[{"start":{"line":26,"column":14},"end":{"line":42,"column":1}}]},"4":{"type":"branch","line":31,"loc":{"start":{"line":31,"column":55},"end":{"line":35,"column":3}},"locations":[{"start":{"line":31,"column":55},"end":{"line":35,"column":3}}]},"5":{"type":"branch","line":33,"loc":{"start":{"line":33,"column":17},"end":{"line":33,"column":61}},"locations":[{"start":{"line":33,"column":17},"end":{"line":33,"column":61}}]}},"b":{"0":[2],"1":[0],"2":[0],"3":[1],"4":[1],"5":[0]},"fnMap":{"0":{"name":"handler","decl":{"start":{"line":16,"column":0},"end":{"line":42,"column":1}},"loc":{"start":{"line":16,"column":0},"end":{"line":42,"column":1}},"line":16}},"f":{"0":2}}
,"C:\\LexClear\\api\\translate.ts": {"path":"C:\\LexClear\\api\\translate.ts","all":false,"statementMap":{"1":{"start":{"line":2,"column":0},"end":{"line":2,"column":72}},"2":{"start":{"line":3,"column":0},"end":{"line":3,"column":53}},"3":{"start":{"line":4,"column":0},"end":{"line":4,"column":62}},"5":{"start":{"line":6,"column":0},"end":{"line":6,"column":95}},"6":{"start":{"line":7,"column":0},"end":{"line":7,"column":61}},"7":{"start":{"line":8,"column":0},"end":{"line":8,"column":52}},"8":{"start":{"line":9,"column":0},"end":{"line":9,"column":20}},"10":{"start":{"line":11,"column":0},"end":{"line":11,"column":94}},"11":{"start":{"line":12,"column":0},"end":{"line":12,"column":49}},"12":{"start":{"line":13,"column":0},"end":{"line":13,"column":63}},"13":{"start":{"line":14,"column":0},"end":{"line":14,"column":40}},"14":{"start":{"line":15,"column":0},"end":{"line":15,"column":5}},"16":{"start":{"line":17,"column":0},"end":{"line":17,"column":24}},"17":{"start":{"line":18,"column":0},"end":{"line":18,"column":22}},"18":{"start":{"line":19,"column":0},"end":{"line":19,"column":30}},"19":{"start":{"line":20,"column":0},"end":{"line":20,"column":90}},"20":{"start":{"line":21,"column":0},"end":{"line":21,"column":5}},"21":{"start":{"line":22,"column":0},"end":{"line":22,"column":1}}},"s":{"1":1,"2":1,"3":1,"5":2,"6":2,"7":2,"8":2,"10":2,"11":2,"12":2,"13":1,"14":2,"16":2,"17":2,"18":2,"19":2,"20":2,"21":2},"branchMap":{"0":{"type":"branch","line":6,"loc":{"start":{"line":6,"column":0},"end":{"line":22,"column":1}},"locations":[{"start":{"line":6,"column":0},"end":{"line":22,"column":1}}]},"1":{"type":"branch","line":7,"loc":{"start":{"line":7,"column":54},"end":{"line":7,"column":61}},"locations":[{"start":{"line":7,"column":54},"end":{"line":7,"column":61}}]},"2":{"type":"branch","line":9,"loc":{"start":{"line":9,"column":13},"end":{"line":9,"column":20}},"locations":[{"start":{"line":9,"column":13},"end":{"line":9,"column":20}}]},"3":{"type":"branch","line":20,"loc":{"start":{"line":20,"column":20},"end":{"line":20,"column":80}},"locations":[{"start":{"line":20,"column":20},"end":{"line":20,"column":80}}]},"4":{"type":"branch","line":20,"loc":{"start":{"line":20,"column":31},"end":{"line":20,"column":90}},"locations":[{"start":{"line":20,"column":31},"end":{"line":20,"column":90}}]},"5":{"type":"branch","line":11,"loc":{"start":{"line":11,"column":69},"end":{"line":15,"column":3}},"locations":[{"start":{"line":11,"column":69},"end":{"line":15,"column":3}}]},"6":{"type":"branch","line":13,"loc":{"start":{"line":13,"column":14},"end":{"line":14,"column":40}},"locations":[{"start":{"line":13,"column":14},"end":{"line":14,"column":40}}]}},"b":{"0":[2],"1":[0],"2":[0],"3":[1],"4":[1],"5":[2],"6":[1]},"fnMap":{"0":{"name":"handler","decl":{"start":{"line":6,"column":0},"end":{"line":22,"column":1}},"loc":{"start":{"line":6,"column":0},"end":{"line":22,"column":1}},"line":6}},"f":{"0":2}}
,"C:\\LexClear\\src\\lib\\gemini.ts": {"path":"C:\\LexClear\\src\\lib\\gemini.ts","all":false,"statementMap":{"9":{"start":{"line":10,"column":0},"end":{"line":10,"column":67}},"10":{"start":{"line":11,"column":0},"end":{"line":11,"column":596}},"13":{"start":{"line":14,"column":0},"end":{"line":14,"column":17}},"14":{"start":{"line":15,"column":0},"end":{"line":15,"column":1}},"16":{"start":{"line":17,"column":0},"end":{"line":17,"column":85}},"17":{"start":{"line":18,"column":0},"end":{"line":18,"column":31}},"18":{"start":{"line":19,"column":0},"end":{"line":19,"column":101}},"19":{"start":{"line":20,"column":0},"end":{"line":20,"column":33}},"20":{"start":{"line":21,"column":0},"end":{"line":21,"column":5}},"21":{"start":{"line":22,"column":0},"end":{"line":22,"column":21}},"22":{"start":{"line":23,"column":0},"end":{"line":23,"column":54}},"23":{"start":{"line":24,"column":0},"end":{"line":24,"column":28}},"24":{"start":{"line":25,"column":0},"end":{"line":25,"column":50}},"25":{"start":{"line":26,"column":0},"end":{"line":26,"column":86}},"26":{"start":{"line":27,"column":0},"end":{"line":27,"column":9}},"27":{"start":{"line":28,"column":0},"end":{"line":28,"column":42}},"28":{"start":{"line":29,"column":0},"end":{"line":29,"column":5}},"29":{"start":{"line":30,"column":0},"end":{"line":30,"column":4}},"30":{"start":{"line":31,"column":0},"end":{"line":31,"column":61}},"32":{"start":{"line":33,"column":0},"end":{"line":33,"column":43}},"35":{"start":{"line":36,"column":0},"end":{"line":36,"column":93}},"36":{"start":{"line":37,"column":0},"end":{"line":37,"column":59}},"37":{"start":{"line":38,"column":0},"end":{"line":38,"column":31}},"38":{"start":{"line":39,"column":0},"end":{"line":39,"column":1}},"40":{"start":{"line":41,"column":0},"end":{"line":41,"column":81}},"41":{"start":{"line":42,"column":0},"end":{"line":42,"column":19}},"42":{"start":{"line":43,"column":0},"end":{"line":43,"column":16}},"43":{"start":{"line":44,"column":0},"end":{"line":44,"column":27}},"44":{"start":{"line":45,"column":0},"end":{"line":45,"column":13}},"45":{"start":{"line":46,"column":0},"end":{"line":46,"column":46}},"46":{"start":{"line":47,"column":0},"end":{"line":47,"column":29}},"47":{"start":{"line":48,"column":0},"end":{"line":48,"column":25}},"48":{"start":{"line":49,"column":0},"end":{"line":49,"column":95}},"49":{"start":{"line":50,"column":0},"end":{"line":50,"column":16}},"50":{"start":{"line":51,"column":0},"end":{"line":51,"column":7}},"51":{"start":{"line":52,"column":0},"end":{"line":52,"column":5}},"52":{"start":{"line":53,"column":0},"end":{"line":53,"column":16}},"53":{"start":{"line":54,"column":0},"end":{"line":54,"column":40}},"55":{"start":{"line":56,"column":0},"end":{"line":56,"column":10}},"56":{"start":{"line":57,"column":0},"end":{"line":57,"column":19}},"57":{"start":{"line":58,"column":0},"end":{"line":58,"column":47}},"58":{"start":{"line":59,"column":0},"end":{"line":59,"column":77}},"59":{"start":{"line":60,"column":0},"end":{"line":60,"column":31}},"60":{"start":{"line":61,"column":0},"end":{"line":61,"column":17}},"61":{"start":{"line":62,"column":0},"end":{"line":62,"column":65}},"62":{"start":{"line":63,"column":0},"end":{"line":63,"column":14}},"63":{"start":{"line":64,"column":0},"end":{"line":64,"column":129}},"64":{"start":{"line":65,"column":0},"end":{"line":65,"column":6}},"65":{"start":{"line":66,"column":0},"end":{"line":66,"column":17}},"66":{"start":{"line":67,"column":0},"end":{"line":67,"column":4}},"67":{"start":{"line":68,"column":0},"end":{"line":68,"column":1}},"69":{"start":{"line":70,"column":0},"end":{"line":70,"column":43}},"70":{"start":{"line":71,"column":0},"end":{"line":71,"column":23}},"71":{"start":{"line":72,"column":0},"end":{"line":72,"column":55}},"72":{"start":{"line":73,"column":0},"end":{"line":73,"column":59}},"73":{"start":{"line":74,"column":0},"end":{"line":74,"column":7}},"74":{"start":{"line":75,"column":0},"end":{"line":75,"column":86}},"75":{"start":{"line":76,"column":0},"end":{"line":76,"column":11}},"76":{"start":{"line":77,"column":0},"end":{"line":77,"column":75}},"77":{"start":{"line":78,"column":0},"end":{"line":78,"column":3}},"78":{"start":{"line":79,"column":0},"end":{"line":79,"column":1}},"91":{"start":{"line":92,"column":0},"end":{"line":92,"column":74}},"92":{"start":{"line":93,"column":0},"end":{"line":93,"column":343}},"94":{"start":{"line":95,"column":0},"end":{"line":95,"column":8}},"96":{"start":{"line":97,"column":0},"end":{"line":97,"column":10}},"97":{"start":{"line":98,"column":0},"end":{"line":98,"column":1}},"99":{"start":{"line":100,"column":0},"end":{"line":100,"column":42}},"100":{"start":{"line":101,"column":0},"end":{"line":101,"column":16}},"101":{"start":{"line":102,"column":0},"end":{"line":102,"column":16}},"102":{"start":{"line":103,"column":0},"end":{"line":103,"column":55}},"103":{"start":{"line":104,"column":0},"end":{"line":104,"column":59}},"104":{"start":{"line":105,"column":0},"end":{"line":105,"column":7}},"105":{"start":{"line":106,"column":0},"end":{"line":106,"column":85}},"106":{"start":{"line":107,"column":0},"end":{"line":107,"column":11}},"107":{"start":{"line":108,"column":0},"end":{"line":108,"column":12}},"108":{"start":{"line":109,"column":0},"end":{"line":109,"column":13}},"109":{"start":{"line":110,"column":0},"end":{"line":110,"column":16}},"110":{"start":{"line":111,"column":0},"end":{"line":111,"column":98}},"111":{"start":{"line":112,"column":0},"end":{"line":112,"column":24}},"112":{"start":{"line":113,"column":0},"end":{"line":113,"column":8}},"113":{"start":{"line":114,"column":0},"end":{"line":114,"column":21}},"114":{"start":{"line":115,"column":0},"end":{"line":115,"column":6}},"115":{"start":{"line":116,"column":0},"end":{"line":116,"column":3}},"116":{"start":{"line":117,"column":0},"end":{"line":117,"column":1}},"119":{"start":{"line":120,"column":0},"end":{"line":120,"column":32}},"120":{"start":{"line":121,"column":0},"end":{"line":121,"column":23}},"121":{"start":{"line":122,"column":0},"end":{"line":122,"column":19}},"122":{"start":{"line":123,"column":0},"end":{"line":123,"column":65}},"123":{"start":{"line":124,"column":0},"end":{"line":124,"column":11}},"124":{"start":{"line":125,"column":0},"end":{"line":125,"column":206}},"126":{"start":{"line":127,"column":0},"end":{"line":127,"column":15}},"128":{"start":{"line":129,"column":0},"end":{"line":129,"column":77}},"129":{"start":{"line":130,"column":0},"end":{"line":130,"column":23}},"130":{"start":{"line":131,"column":0},"end":{"line":131,"column":1}}},"s":{"9":1,"10":3,"13":3,"14":3,"16":0,"17":0,"18":0,"19":0,"20":0,"21":0,"22":0,"23":0,"24":0,"25":0,"26":0,"27":0,"28":0,"29":0,"30":0,"32":0,"35":0,"36":0,"37":0,"38":0,"40":1,"41":1,"42":1,"43":1,"44":1,"45":1,"46":1,"47":1,"48":2,"49":2,"50":2,"51":1,"52":1,"53":1,"55":1,"56":1,"57":1,"58":0,"59":1,"60":1,"61":0,"62":1,"63":1,"64":1,"65":1,"66":1,"67":1,"69":2,"70":2,"71":2,"72":2,"73":2,"74":2,"75":1,"76":1,"77":1,"78":2,"91":1,"92":3,"94":3,"96":3,"97":3,"99":2,"100":2,"101":2,"102":2,"103":2,"104":2,"105":2,"106":1,"107":1,"108":1,"109":1,"110":1,"111":1,"112":1,"113":1,"114":1,"115":1,"116":2,"119":1,"120":2,"121":2,"122":2,"123":2,"124":2,"126":2,"128":2,"129":2,"130":2},"branchMap":{"0":{"type":"branch","line":10,"loc":{"start":{"line":10,"column":7},"end":{"line":15,"column":1}},"locations":[{"start":{"line":10,"column":7},"end":{"line":15,"column":1}}]},"1":{"type":"branch","line":41,"loc":{"start":{"line":41,"column":7},"end":{"line":68,"column":1}},"locations":[{"start":{"line":41,"column":7},"end":{"line":68,"column":1}}]},"2":{"type":"branch","line":46,"loc":{"start":{"line":46,"column":38},"end":{"line":46,"column":46}},"locations":[{"start":{"line":46,"column":38},"end":{"line":46,"column":46}}]},"3":{"type":"branch","line":58,"loc":{"start":{"line":58,"column":43},"end":{"line":59,"column":77}},"locations":[{"start":{"line":58,"column":43},"end":{"line":59,"column":77}}]},"4":{"type":"branch","line":61,"loc":{"start":{"line":61,"column":8},"end":{"line":62,"column":65}},"locations":[{"start":{"line":61,"column":8},"end":{"line":62,"column":65}}]},"5":{"type":"branch","line":48,"loc":{"start":{"line":48,"column":12},"end":{"line":51,"column":7}},"locations":[{"start":{"line":48,"column":12},"end":{"line":51,"column":7}}]},"6":{"type":"branch","line":54,"loc":{"start":{"line":54,"column":9},"end":{"line":54,"column":38}},"locations":[{"start":{"line":54,"column":9},"end":{"line":54,"column":38}}]},"7":{"type":"branch","line":70,"loc":{"start":{"line":70,"column":0},"end":{"line":79,"column":1}},"locations":[{"start":{"line":70,"column":0},"end":{"line":79,"column":1}}]},"8":{"type":"branch","line":75,"loc":{"start":{"line":75,"column":65},"end":{"line":78,"column":3}},"locations":[{"start":{"line":75,"column":65},"end":{"line":78,"column":3}}]},"9":{"type":"branch","line":92,"loc":{"start":{"line":92,"column":7},"end":{"line":98,"column":1}},"locations":[{"start":{"line":92,"column":7},"end":{"line":98,"column":1}}]},"10":{"type":"branch","line":100,"loc":{"start":{"line":100,"column":0},"end":{"line":117,"column":1}},"locations":[{"start":{"line":100,"column":0},"end":{"line":117,"column":1}}]},"11":{"type":"branch","line":106,"loc":{"start":{"line":106,"column":64},"end":{"line":116,"column":3}},"locations":[{"start":{"line":106,"column":64},"end":{"line":116,"column":3}}]},"12":{"type":"branch","line":120,"loc":{"start":{"line":120,"column":7},"end":{"line":131,"column":1}},"locations":[{"start":{"line":120,"column":7},"end":{"line":131,"column":1}}]}},"b":{"0":[3],"1":[1],"2":[0],"3":[0],"4":[0],"5":[2],"6":[1],"7":[2],"8":[1],"9":[3],"10":[2],"11":[1],"12":[2]},"fnMap":{"0":{"name":"buildSimplifyPrompt","decl":{"start":{"line":10,"column":7},"end":{"line":15,"column":1}},"loc":{"start":{"line":10,"column":7},"end":{"line":15,"column":1}},"line":10},"1":{"name":"callGeminiJson","decl":{"start":{"line":17,"column":0},"end":{"line":39,"column":1}},"loc":{"start":{"line":17,"column":0},"end":{"line":39,"column":1}},"line":17},"2":{"name":"heuristicSimplification","decl":{"start":{"line":41,"column":7},"end":{"line":68,"column":1}},"loc":{"start":{"line":41,"column":7},"end":{"line":68,"column":1}},"line":41},"3":{"name":"simplifyWithFallback","decl":{"start":{"line":70,"column":0},"end":{"line":79,"column":1}},"loc":{"start":{"line":70,"column":0},"end":{"line":79,"column":1}},"line":70},"4":{"name":"buildComparePrompt","decl":{"start":{"line":92,"column":7},"end":{"line":98,"column":1}},"loc":{"start":{"line":92,"column":7},"end":{"line":98,"column":1}},"line":92},"5":{"name":"compareWithFallback","decl":{"start":{"line":100,"column":0},"end":{"line":117,"column":1}},"loc":{"start":{"line":100,"column":0},"end":{"line":117,"column":1}},"line":100},"6":{"name":"buildChatPrompt","decl":{"start":{"line":120,"column":7},"end":{"line":131,"column":1}},"loc":{"start":{"line":120,"column":7},"end":{"line":131,"column":1}},"line":120}},"f":{"0":3,"1":0,"2":1,"3":2,"4":3,"5":2,"6":2}}
,"C:\\LexClear\\src\\lib\\parseDocument.ts": {"path":"C:\\LexClear\\src\\lib\\parseDocument.ts","all":false,"statementMap":{"0":{"start":{"line":1,"column":0},"end":{"line":1,"column":30}},"1":{"start":{"line":2,"column":0},"end":{"line":2,"column":28}},"16":{"start":{"line":17,"column":0},"end":{"line":17,"column":36}},"17":{"start":{"line":18,"column":0},"end":{"line":18,"column":17}},"18":{"start":{"line":19,"column":0},"end":{"line":19,"column":30}},"19":{"start":{"line":20,"column":0},"end":{"line":20,"column":63}},"20":{"start":{"line":21,"column":0},"end":{"line":21,"column":28}},"21":{"start":{"line":22,"column":0},"end":{"line":22,"column":97}},"22":{"start":{"line":23,"column":0},"end":{"line":23,"column":39}},"23":{"start":{"line":24,"column":0},"end":{"line":24,"column":57}},"24":{"start":{"line":25,"column":0},"end":{"line":25,"column":57}},"25":{"start":{"line":26,"column":0},"end":{"line":26,"column":49}},"26":{"start":{"line":27,"column":0},"end":{"line":27,"column":3}},"27":{"start":{"line":28,"column":0},"end":{"line":28,"column":79}},"28":{"start":{"line":29,"column":0},"end":{"line":29,"column":56}},"29":{"start":{"line":30,"column":0},"end":{"line":30,"column":47}},"30":{"start":{"line":31,"column":0},"end":{"line":31,"column":1}}},"s":{"0":1,"1":1,"16":3,"17":3,"18":3,"19":3,"20":3,"21":3,"22":3,"23":2,"24":2,"25":2,"26":2,"27":3,"28":1,"29":1,"30":1},"branchMap":{"0":{"type":"branch","line":17,"loc":{"start":{"line":17,"column":0},"end":{"line":31,"column":1}},"locations":[{"start":{"line":17,"column":0},"end":{"line":31,"column":1}}]},"1":{"type":"branch","line":22,"loc":{"start":{"line":22,"column":61},"end":{"line":22,"column":97}},"locations":[{"start":{"line":22,"column":61},"end":{"line":22,"column":97}}]},"2":{"type":"branch","line":23,"loc":{"start":{"line":23,"column":38},"end":{"line":27,"column":3}},"locations":[{"start":{"line":23,"column":38},"end":{"line":27,"column":3}}]},"3":{"type":"branch","line":24,"loc":{"start":{"line":24,"column":37},"end":{"line":24,"column":49}},"locations":[{"start":{"line":24,"column":37},"end":{"line":24,"column":49}}]},"4":{"type":"branch","line":27,"loc":{"start":{"line":27,"column":2},"end":{"line":28,"column":43}},"locations":[{"start":{"line":27,"column":2},"end":{"line":28,"column":43}}]},"5":{"type":"branch","line":28,"loc":{"start":{"line":28,"column":35},"end":{"line":28,"column":67}},"locations":[{"start":{"line":28,"column":35},"end":{"line":28,"column":67}}]},"6":{"type":"branch","line":28,"loc":{"start":{"line":28,"column":77},"end":{"line":31,"column":1}},"locations":[{"start":{"line":28,"column":77},"end":{"line":31,"column":1}}]}},"b":{"0":[3],"1":[0],"2":[2],"3":[0],"4":[1],"5":[0],"6":[1]},"fnMap":{"0":{"name":"parseDocument","decl":{"start":{"line":17,"column":0},"end":{"line":31,"column":1}},"loc":{"start":{"line":17,"column":0},"end":{"line":31,"column":1}},"line":17}},"f":{"0":3}}
,"C:\\LexClear\\src\\lib\\riskScoring.ts": {"path":"C:\\LexClear\\src\\lib\\riskScoring.ts","all":false,"statementMap":{"5":{"start":{"line":6,"column":0},"end":{"line":6,"column":32}},"6":{"start":{"line":7,"column":0},"end":{"line":7,"column":26}},"7":{"start":{"line":8,"column":0},"end":{"line":8,"column":48}},"8":{"start":{"line":9,"column":0},"end":{"line":9,"column":43}},"9":{"start":{"line":10,"column":0},"end":{"line":10,"column":10}},"10":{"start":{"line":11,"column":0},"end":{"line":11,"column":57}},"11":{"start":{"line":12,"column":0},"end":{"line":12,"column":14}},"12":{"start":{"line":13,"column":0},"end":{"line":13,"column":57}},"13":{"start":{"line":14,"column":0},"end":{"line":14,"column":18}},"14":{"start":{"line":15,"column":0},"end":{"line":15,"column":16}},"15":{"start":{"line":16,"column":0},"end":{"line":16,"column":6}},"16":{"start":{"line":17,"column":0},"end":{"line":17,"column":1}}},"s":{"5":1,"6":7,"7":7,"8":7,"9":15,"10":15,"11":5,"12":10,"13":5,"14":5,"15":7,"16":7},"branchMap":{"0":{"type":"branch","line":6,"loc":{"start":{"line":6,"column":7},"end":{"line":17,"column":1}},"locations":[{"start":{"line":6,"column":7},"end":{"line":17,"column":1}}]},"1":{"type":"branch","line":9,"loc":{"start":{"line":9,"column":30},"end":{"line":16,"column":4}},"locations":[{"start":{"line":9,"column":30},"end":{"line":16,"column":4}}]},"2":{"type":"branch","line":11,"loc":{"start":{"line":11,"column":56},"end":{"line":12,"column":14}},"locations":[{"start":{"line":11,"column":56},"end":{"line":12,"column":14}}]},"3":{"type":"branch","line":12,"loc":{"start":{"line":12,"column":8},"end":{"line":15,"column":16}},"locations":[{"start":{"line":12,"column":8},"end":{"line":15,"column":16}}]},"4":{"type":"branch","line":13,"loc":{"start":{"line":13,"column":56},"end":{"line":14,"column":18}},"locations":[{"start":{"line":13,"column":56},"end":{"line":14,"column":18}}]},"5":{"type":"branch","line":14,"loc":{"start":{"line":14,"column":10},"end":{"line":15,"column":16}},"locations":[{"start":{"line":14,"column":10},"end":{"line":15,"column":16}}]}},"b":{"0":[7],"1":[15],"2":[5],"3":[10],"4":[5],"5":[5]},"fnMap":{"0":{"name":"classifyClauses","decl":{"start":{"line":6,"column":7},"end":{"line":17,"column":1}},"loc":{"start":{"line":6,"column":7},"end":{"line":17,"column":1}},"line":6}},"f":{"0":7}}
,"C:\\LexClear\\src\\lib\\schemas.ts": {"path":"C:\\LexClear\\src\\lib\\schemas.ts","all":false,"statementMap":{"0":{"start":{"line":1,"column":0},"end":{"line":1,"column":24}},"2":{"start":{"line":3,"column":0},"end":{"line":3,"column":72}},"3":{"start":{"line":4,"column":0},"end":{"line":4,"column":40}},"4":{"start":{"line":5,"column":0},"end":{"line":5,"column":65}},"5":{"start":{"line":6,"column":0},"end":{"line":6,"column":27}},"6":{"start":{"line":7,"column":0},"end":{"line":7,"column":3}},"7":{"start":{"line":8,"column":0},"end":{"line":8,"column":97}},"8":{"start":{"line":9,"column":0},"end":{"line":9,"column":36}},"9":{"start":{"line":10,"column":0},"end":{"line":10,"column":35}},"10":{"start":{"line":11,"column":0},"end":{"line":11,"column":46}},"11":{"start":{"line":12,"column":0},"end":{"line":12,"column":12}},"12":{"start":{"line":13,"column":0},"end":{"line":13,"column":93}},"13":{"start":{"line":14,"column":0},"end":{"line":14,"column":11}},"14":{"start":{"line":15,"column":0},"end":{"line":15,"column":17}},"15":{"start":{"line":16,"column":0},"end":{"line":16,"column":3}},"16":{"start":{"line":17,"column":0},"end":{"line":17,"column":41}},"17":{"start":{"line":18,"column":0},"end":{"line":18,"column":45}},"18":{"start":{"line":19,"column":0},"end":{"line":19,"column":49}},"19":{"start":{"line":20,"column":0},"end":{"line":20,"column":3}},"20":{"start":{"line":21,"column":0},"end":{"line":21,"column":35}},"21":{"start":{"line":22,"column":0},"end":{"line":22,"column":64}},"22":{"start":{"line":23,"column":0},"end":{"line":23,"column":49}},"23":{"start":{"line":24,"column":0},"end":{"line":24,"column":20}},"24":{"start":{"line":25,"column":0},"end":{"line":25,"column":22}},"25":{"start":{"line":26,"column":0},"end":{"line":26,"column":78}},"26":{"start":{"line":27,"column":0},"end":{"line":27,"column":17}},"27":{"start":{"line":28,"column":0},"end":{"line":28,"column":16}},"28":{"start":{"line":29,"column":0},"end":{"line":29,"column":5}},"29":{"start":{"line":30,"column":0},"end":{"line":30,"column":3}}},"s":{"0":1,"2":1,"3":1,"4":1,"5":1,"6":1,"7":1,"8":1,"9":1,"10":1,"11":1,"12":1,"13":1,"14":1,"15":1,"16":1,"17":1,"18":1,"19":1,"20":1,"21":1,"22":1,"23":1,"24":1,"25":1,"26":1,"27":1,"28":1,"29":1},"branchMap":{},"b":{},"fnMap":{},"f":{}}
,"C:\\LexClear\\src\\lib\\translate.ts": {"path":"C:\\LexClear\\src\\lib\\translate.ts","all":false,"statementMap":{"0":{"start":{"line":1,"column":0},"end":{"line":1,"column":100}},"1":{"start":{"line":2,"column":0},"end":{"line":2,"column":31}},"2":{"start":{"line":3,"column":0},"end":{"line":3,"column":97}},"3":{"start":{"line":4,"column":0},"end":{"line":4,"column":5}},"4":{"start":{"line":5,"column":0},"end":{"line":5,"column":21}},"5":{"start":{"line":6,"column":0},"end":{"line":6,"column":54}},"6":{"start":{"line":7,"column":0},"end":{"line":7,"column":76}},"7":{"start":{"line":8,"column":0},"end":{"line":8,"column":42}},"8":{"start":{"line":9,"column":0},"end":{"line":9,"column":5}},"9":{"start":{"line":10,"column":0},"end":{"line":10,"column":4}},"10":{"start":{"line":11,"column":0},"end":{"line":11,"column":66}},"12":{"start":{"line":13,"column":0},"end":{"line":13,"column":43}},"15":{"start":{"line":16,"column":0},"end":{"line":16,"column":62}},"16":{"start":{"line":17,"column":0},"end":{"line":17,"column":1}},"18":{"start":{"line":19,"column":0},"end":{"line":19,"column":44}},"19":{"start":{"line":20,"column":0},"end":{"line":20,"column":15}},"20":{"start":{"line":21,"column":0},"end":{"line":21,"column":21}},"21":{"start":{"line":22,"column":0},"end":{"line":22,"column":59}},"22":{"start":{"line":23,"column":0},"end":{"line":23,"column":49}},"23":{"start":{"line":24,"column":0},"end":{"line":24,"column":7}},"24":{"start":{"line":25,"column":0},"end":{"line":25,"column":69}},"25":{"start":{"line":26,"column":0},"end":{"line":26,"column":11}},"26":{"start":{"line":27,"column":0},"end":{"line":27,"column":36}},"27":{"start":{"line":28,"column":0},"end":{"line":28,"column":3}},"28":{"start":{"line":29,"column":0},"end":{"line":29,"column":1}}},"s":{"0":0,"1":0,"2":0,"3":0,"4":0,"5":0,"6":0,"7":0,"8":0,"9":0,"10":0,"12":0,"15":0,"16":0,"18":3,"19":3,"20":3,"21":3,"22":3,"23":3,"24":3,"25":2,"26":2,"27":2,"28":3},"branchMap":{"0":{"type":"branch","line":19,"loc":{"start":{"line":19,"column":0},"end":{"line":29,"column":1}},"locations":[{"start":{"line":19,"column":0},"end":{"line":29,"column":1}}]},"1":{"type":"branch","line":25,"loc":{"start":{"line":25,"column":48},"end":{"line":28,"column":3}},"locations":[{"start":{"line":25,"column":48},"end":{"line":28,"column":3}}]},"2":{"type":"branch","line":25,"loc":{"start":{"line":25,"column":48},"end":{"line":26,"column":10}},"locations":[{"start":{"line":25,"column":48},"end":{"line":26,"column":10}}]}},"b":{"0":[3],"1":[2],"2":[1]},"fnMap":{"0":{"name":"translate","decl":{"start":{"line":1,"column":0},"end":{"line":17,"column":1}},"loc":{"start":{"line":1,"column":0},"end":{"line":17,"column":1}},"line":1},"1":{"name":"translateWithFallback","decl":{"start":{"line":19,"column":0},"end":{"line":29,"column":1}},"loc":{"start":{"line":19,"column":0},"end":{"line":29,"column":1}},"line":19}},"f":{"0":0,"1":3}}
,"C:\\LexClear\\src\\lib\\translationClient.ts": {"path":"C:\\LexClear\\src\\lib\\translationClient.ts","all":false,"statementMap":{"12":{"start":{"line":13,"column":0},"end":{"line":13,"column":61}},"14":{"start":{"line":15,"column":0},"end":{"line":15,"column":37}},"15":{"start":{"line":16,"column":0},"end":{"line":16,"column":17}},"16":{"start":{"line":17,"column":0},"end":{"line":17,"column":20}},"17":{"start":{"line":18,"column":0},"end":{"line":18,"column":33}},"18":{"start":{"line":19,"column":0},"end":{"line":19,"column":57}},"19":{"start":{"line":20,"column":0},"end":{"line":20,"column":1}},"21":{"start":{"line":22,"column":0},"end":{"line":22,"column":33}},"22":{"start":{"line":23,"column":0},"end":{"line":23,"column":17}},"23":{"start":{"line":24,"column":0},"end":{"line":24,"column":21}},"24":{"start":{"line":25,"column":0},"end":{"line":25,"column":30}},"25":{"start":{"line":26,"column":0},"end":{"line":26,"column":9}},"26":{"start":{"line":27,"column":0},"end":{"line":27,"column":62}},"27":{"start":{"line":28,"column":0},"end":{"line":28,"column":1}},"29":{"start":{"line":30,"column":0},"end":{"line":30,"column":90}},"30":{"start":{"line":31,"column":0},"end":{"line":31,"column":7}},"31":{"start":{"line":32,"column":0},"end":{"line":32,"column":52}},"32":{"start":{"line":33,"column":0},"end":{"line":33,"column":21}},"33":{"start":{"line":34,"column":0},"end":{"line":34,"column":54}},"34":{"start":{"line":35,"column":0},"end":{"line":35,"column":45}},"35":{"start":{"line":36,"column":0},"end":{"line":36,"column":7}},"36":{"start":{"line":37,"column":0},"end":{"line":37,"column":85}},"37":{"start":{"line":38,"column":0},"end":{"line":38,"column":12}},"38":{"start":{"line":39,"column":0},"end":{"line":39,"column":33}},"39":{"start":{"line":40,"column":0},"end":{"line":40,"column":75}},"40":{"start":{"line":41,"column":0},"end":{"line":41,"column":6}},"41":{"start":{"line":42,"column":0},"end":{"line":42,"column":11}},"42":{"start":{"line":43,"column":0},"end":{"line":43,"column":36}},"43":{"start":{"line":44,"column":0},"end":{"line":44,"column":3}},"44":{"start":{"line":45,"column":0},"end":{"line":45,"column":1}},"46":{"start":{"line":47,"column":0},"end":{"line":47,"column":38}},"47":{"start":{"line":48,"column":0},"end":{"line":48,"column":27}},"48":{"start":{"line":49,"column":0},"end":{"line":49,"column":16}},"49":{"start":{"line":50,"column":0},"end":{"line":50,"column":30}},"51":{"start":{"line":52,"column":0},"end":{"line":52,"column":35}},"52":{"start":{"line":53,"column":0},"end":{"line":53,"column":50}},"53":{"start":{"line":54,"column":0},"end":{"line":54,"column":22}},"54":{"start":{"line":55,"column":0},"end":{"line":55,"column":63}},"55":{"start":{"line":56,"column":0},"end":{"line":56,"column":7}},"56":{"start":{"line":57,"column":0},"end":{"line":57,"column":4}},"57":{"start":{"line":58,"column":0},"end":{"line":58,"column":67}},"58":{"start":{"line":59,"column":0},"end":{"line":59,"column":97}},"59":{"start":{"line":60,"column":0},"end":{"line":60,"column":93}},"60":{"start":{"line":61,"column":0},"end":{"line":61,"column":76}},"61":{"start":{"line":62,"column":0},"end":{"line":62,"column":17}},"62":{"start":{"line":63,"column":0},"end":{"line":63,"column":16}},"63":{"start":{"line":64,"column":0},"end":{"line":64,"column":18}},"64":{"start":{"line":65,"column":0},"end":{"line":65,"column":16}},"65":{"start":{"line":66,"column":0},"end":{"line":66,"column":5}},"66":{"start":{"line":67,"column":0},"end":{"line":67,"column":21}},"67":{"start":{"line":68,"column":0},"end":{"line":68,"column":12}},"68":{"start":{"line":69,"column":0},"end":{"line":69,"column":17}},"69":{"start":{"line":70,"column":0},"end":{"line":70,"column":15}},"70":{"start":{"line":71,"column":0},"end":{"line":71,"column":54}},"71":{"start":{"line":72,"column":0},"end":{"line":72,"column":4}},"72":{"start":{"line":73,"column":0},"end":{"line":73,"column":61}},"73":{"start":{"line":74,"column":0},"end":{"line":74,"column":20}},"74":{"start":{"line":75,"column":0},"end":{"line":75,"column":37}},"75":{"start":{"line":76,"column":0},"end":{"line":76,"column":6}},"77":{"start":{"line":78,"column":0},"end":{"line":78,"column":10}},"78":{"start":{"line":79,"column":0},"end":{"line":79,"column":11}},"79":{"start":{"line":80,"column":0},"end":{"line":80,"column":16}},"80":{"start":{"line":81,"column":0},"end":{"line":81,"column":35}},"81":{"start":{"line":82,"column":0},"end":{"line":82,"column":52}},"82":{"start":{"line":83,"column":0},"end":{"line":83,"column":48}},"83":{"start":{"line":84,"column":0},"end":{"line":84,"column":15}},"84":{"start":{"line":85,"column":0},"end":{"line":85,"column":6}},"85":{"start":{"line":86,"column":0},"end":{"line":86,"column":54}},"86":{"start":{"line":87,"column":0},"end":{"line":87,"column":4}},"87":{"start":{"line":88,"column":0},"end":{"line":88,"column":1}}},"s":{"12":1,"14":1,"15":0,"16":0,"17":0,"18":0,"19":0,"21":1,"22":0,"23":0,"24":0,"25":0,"26":0,"27":0,"29":8,"30":8,"31":8,"32":8,"33":8,"34":8,"35":8,"36":7,"37":7,"38":8,"39":8,"40":8,"41":8,"42":1,"43":1,"44":8,"46":2,"47":2,"48":2,"49":2,"51":2,"52":2,"53":2,"54":2,"55":2,"56":2,"57":2,"58":2,"59":2,"60":2,"61":2,"62":2,"63":2,"64":2,"65":2,"66":2,"67":2,"68":2,"69":2,"70":2,"71":2,"72":2,"73":2,"74":2,"75":2,"77":2,"78":2,"79":2,"80":2,"81":2,"82":2,"83":2,"84":2,"85":2,"86":2,"87":2},"branchMap":{"0":{"type":"branch","line":30,"loc":{"start":{"line":30,"column":0},"end":{"line":45,"column":1}},"locations":[{"start":{"line":30,"column":0},"end":{"line":45,"column":1}}]},"1":{"type":"branch","line":36,"loc":{"start":{"line":36,"column":5},"end":{"line":39,"column":28}},"locations":[{"start":{"line":36,"column":5},"end":{"line":39,"column":28}}]},"2":{"type":"branch","line":39,"loc":{"start":{"line":39,"column":20},"end":{"line":39,"column":33}},"locations":[{"start":{"line":39,"column":20},"end":{"line":39,"column":33}}]},"3":{"type":"branch","line":40,"loc":{"start":{"line":40,"column":26},"end":{"line":40,"column":61}},"locations":[{"start":{"line":40,"column":26},"end":{"line":40,"column":61}}]},"4":{"type":"branch","line":40,"loc":{"start":{"line":40,"column":53},"end":{"line":40,"column":75}},"locations":[{"start":{"line":40,"column":53},"end":{"line":40,"column":75}}]},"5":{"type":"branch","line":42,"loc":{"start":{"line":42,"column":2},"end":{"line":44,"column":3}},"locations":[{"start":{"line":42,"column":2},"end":{"line":44,"column":3}}]},"6":{"type":"branch","line":47,"loc":{"start":{"line":47,"column":0},"end":{"line":88,"column":1}},"locations":[{"start":{"line":47,"column":0},"end":{"line":88,"column":1}}]},"7":{"type":"branch","line":53,"loc":{"start":{"line":53,"column":12},"end":{"line":53,"column":28}},"locations":[{"start":{"line":53,"column":12},"end":{"line":53,"column":28}}]},"8":{"type":"branch","line":53,"loc":{"start":{"line":53,"column":32},"end":{"line":56,"column":6}},"locations":[{"start":{"line":53,"column":32},"end":{"line":56,"column":6}}]},"9":{"type":"branch","line":59,"loc":{"start":{"line":59,"column":57},"end":{"line":59,"column":94}},"locations":[{"start":{"line":59,"column":57},"end":{"line":59,"column":94}}]},"10":{"type":"branch","line":60,"loc":{"start":{"line":60,"column":53},"end":{"line":60,"column":90}},"locations":[{"start":{"line":60,"column":53},"end":{"line":60,"column":90}}]},"11":{"type":"branch","line":71,"loc":{"start":{"line":71,"column":27},"end":{"line":71,"column":52}},"locations":[{"start":{"line":71,"column":27},"end":{"line":71,"column":52}}]},"12":{"type":"branch","line":73,"loc":{"start":{"line":73,"column":49},"end":{"line":76,"column":4}},"locations":[{"start":{"line":73,"column":49},"end":{"line":76,"column":4}}]},"13":{"type":"branch","line":82,"loc":{"start":{"line":82,"column":31},"end":{"line":82,"column":50}},"locations":[{"start":{"line":82,"column":31},"end":{"line":82,"column":50}}]},"14":{"type":"branch","line":83,"loc":{"start":{"line":83,"column":27},"end":{"line":83,"column":46}},"locations":[{"start":{"line":83,"column":27},"end":{"line":83,"column":46}}]},"15":{"type":"branch","line":86,"loc":{"start":{"line":86,"column":29},"end":{"line":86,"column":52}},"locations":[{"start":{"line":86,"column":29},"end":{"line":86,"column":52}}]}},"b":{"0":[8],"1":[7],"2":[0],"3":[7],"4":[7],"5":[1],"6":[2],"7":[0],"8":[2],"9":[2],"10":[2],"11":[2],"12":[2],"13":[2],"14":[2],"15":[5]},"fnMap":{"0":{"name":"getCachedTranslation","decl":{"start":{"line":15,"column":7},"end":{"line":20,"column":1}},"loc":{"start":{"line":15,"column":7},"end":{"line":20,"column":1}},"line":15},"1":{"name":"cacheTranslation","decl":{"start":{"line":22,"column":7},"end":{"line":28,"column":1}},"loc":{"start":{"line":22,"column":7},"end":{"line":28,"column":1}},"line":22},"2":{"name":"translateText","decl":{"start":{"line":30,"column":0},"end":{"line":45,"column":1}},"loc":{"start":{"line":30,"column":0},"end":{"line":45,"column":1}},"line":30},"3":{"name":"translateResult","decl":{"start":{"line":47,"column":0},"end":{"line":88,"column":1}},"loc":{"start":{"line":47,"column":0},"end":{"line":88,"column":1}},"line":47}},"f":{"0":0,"1":0,"2":8,"3":2}}
,"C:\\LexClear\\src\\lib\\vision.ts": {"path":"C:\\LexClear\\src\\lib\\vision.ts","all":false,"statementMap":{"0":{"start":{"line":1,"column":0},"end":{"line":1,"column":90}},"1":{"start":{"line":2,"column":0},"end":{"line":2,"column":31}},"2":{"start":{"line":3,"column":0},"end":{"line":3,"column":89}},"3":{"start":{"line":4,"column":0},"end":{"line":4,"column":5}},"4":{"start":{"line":5,"column":0},"end":{"line":5,"column":21}},"5":{"start":{"line":6,"column":0},"end":{"line":6,"column":54}},"6":{"start":{"line":7,"column":0},"end":{"line":7,"column":28}},"7":{"start":{"line":8,"column":0},"end":{"line":8,"column":19}},"8":{"start":{"line":9,"column":0},"end":{"line":9,"column":95}},"9":{"start":{"line":10,"column":0},"end":{"line":10,"column":10}},"10":{"start":{"line":11,"column":0},"end":{"line":11,"column":9}},"11":{"start":{"line":12,"column":0},"end":{"line":12,"column":42}},"12":{"start":{"line":13,"column":0},"end":{"line":13,"column":5}},"13":{"start":{"line":14,"column":0},"end":{"line":14,"column":4}},"14":{"start":{"line":15,"column":0},"end":{"line":15,"column":61}},"15":{"start":{"line":16,"column":0},"end":{"line":16,"column":43}},"18":{"start":{"line":19,"column":0},"end":{"line":19,"column":61}},"19":{"start":{"line":20,"column":0},"end":{"line":20,"column":1}}},"s":{"0":2,"1":2,"2":2,"3":2,"4":2,"5":2,"6":2,"7":2,"8":2,"9":2,"10":2,"11":2,"12":2,"13":2,"14":2,"15":1,"18":2,"19":2},"branchMap":{"0":{"type":"branch","line":1,"loc":{"start":{"line":1,"column":0},"end":{"line":20,"column":1}},"locations":[{"start":{"line":1,"column":0},"end":{"line":20,"column":1}}]},"1":{"type":"branch","line":15,"loc":{"start":{"line":15,"column":20},"end":{"line":19,"column":58}},"locations":[{"start":{"line":15,"column":20},"end":{"line":19,"column":58}}]},"2":{"type":"branch","line":19,"loc":{"start":{"line":19,"column":50},"end":{"line":19,"column":61}},"locations":[{"start":{"line":19,"column":50},"end":{"line":19,"column":61}}]}},"b":{"0":[2],"1":[1],"2":[0]},"fnMap":{"0":{"name":"runVisionOcr","decl":{"start":{"line":1,"column":0},"end":{"line":20,"column":1}},"loc":{"start":{"line":1,"column":0},"end":{"line":20,"column":1}},"line":1}},"f":{"0":2}}
,"C:\\LexClear\\src\\views\\chatPanel.ts": {"path":"C:\\LexClear\\src\\views\\chatPanel.ts","all":false,"statementMap":{"2":{"start":{"line":3,"column":0},"end":{"line":3,"column":79}},"3":{"start":{"line":4,"column":0},"end":{"line":4,"column":77}},"4":{"start":{"line":5,"column":0},"end":{"line":5,"column":18}},"5":{"start":{"line":6,"column":0},"end":{"line":6,"column":973}},"7":{"start":{"line":8,"column":0},"end":{"line":8,"column":65}},"8":{"start":{"line":9,"column":0},"end":{"line":9,"column":69}},"9":{"start":{"line":10,"column":0},"end":{"line":10,"column":72}},"10":{"start":{"line":11,"column":0},"end":{"line":11,"column":40}},"11":{"start":{"line":12,"column":0},"end":{"line":12,"column":51}},"12":{"start":{"line":13,"column":0},"end":{"line":13,"column":20}},"13":{"start":{"line":14,"column":0},"end":{"line":14,"column":21}},"14":{"start":{"line":15,"column":0},"end":{"line":15,"column":93}},"15":{"start":{"line":16,"column":0},"end":{"line":16,"column":31}},"16":{"start":{"line":17,"column":0},"end":{"line":17,"column":51}},"17":{"start":{"line":18,"column":0},"end":{"line":18,"column":95}},"18":{"start":{"line":19,"column":0},"end":{"line":19,"column":37}},"19":{"start":{"line":20,"column":0},"end":{"line":20,"column":45}},"20":{"start":{"line":21,"column":0},"end":{"line":21,"column":43}},"21":{"start":{"line":22,"column":0},"end":{"line":22,"column":39}},"22":{"start":{"line":23,"column":0},"end":{"line":23,"column":29}},"23":{"start":{"line":24,"column":0},"end":{"line":24,"column":26}},"24":{"start":{"line":25,"column":0},"end":{"line":25,"column":4}},"26":{"start":{"line":27,"column":0},"end":{"line":27,"column":82}},"27":{"start":{"line":28,"column":0},"end":{"line":28,"column":27}},"28":{"start":{"line":29,"column":0},"end":{"line":29,"column":40}},"29":{"start":{"line":30,"column":0},"end":{"line":30,"column":45}},"31":{"start":{"line":32,"column":0},"end":{"line":32,"column":21}},"32":{"start":{"line":33,"column":0},"end":{"line":33,"column":26}},"33":{"start":{"line":34,"column":0},"end":{"line":34,"column":27}},"34":{"start":{"line":35,"column":0},"end":{"line":35,"column":35}},"35":{"start":{"line":36,"column":0},"end":{"line":36,"column":47}},"36":{"start":{"line":37,"column":0},"end":{"line":37,"column":54}},"38":{"start":{"line":39,"column":0},"end":{"line":39,"column":9}},"39":{"start":{"line":40,"column":0},"end":{"line":40,"column":49}},"40":{"start":{"line":41,"column":0},"end":{"line":41,"column":23}},"41":{"start":{"line":42,"column":0},"end":{"line":42,"column":56}},"42":{"start":{"line":43,"column":0},"end":{"line":43,"column":66}},"43":{"start":{"line":44,"column":0},"end":{"line":44,"column":9}},"44":{"start":{"line":45,"column":0},"end":{"line":45,"column":67}},"45":{"start":{"line":46,"column":0},"end":{"line":46,"column":99}},"46":{"start":{"line":47,"column":0},"end":{"line":47,"column":52}},"47":{"start":{"line":48,"column":0},"end":{"line":48,"column":59}},"48":{"start":{"line":49,"column":0},"end":{"line":49,"column":13}},"49":{"start":{"line":50,"column":0},"end":{"line":50,"column":14}},"50":{"start":{"line":51,"column":0},"end":{"line":51,"column":25}},"51":{"start":{"line":52,"column":0},"end":{"line":52,"column":79}},"52":{"start":{"line":53,"column":0},"end":{"line":53,"column":9}},"53":{"start":{"line":54,"column":0},"end":{"line":54,"column":15}},"54":{"start":{"line":55,"column":0},"end":{"line":55,"column":29}},"55":{"start":{"line":56,"column":0},"end":{"line":56,"column":30}},"56":{"start":{"line":57,"column":0},"end":{"line":57,"column":33}},"57":{"start":{"line":58,"column":0},"end":{"line":58,"column":20}},"58":{"start":{"line":59,"column":0},"end":{"line":59,"column":5}},"59":{"start":{"line":60,"column":0},"end":{"line":60,"column":4}},"60":{"start":{"line":61,"column":0},"end":{"line":61,"column":1}}},"s":{"2":1,"3":3,"4":3,"5":3,"7":3,"8":3,"9":3,"10":3,"11":4,"12":4,"13":4,"14":4,"15":4,"16":4,"17":4,"18":4,"19":4,"20":4,"21":4,"22":4,"23":4,"24":4,"26":3,"27":2,"28":2,"29":2,"31":2,"32":2,"33":2,"34":2,"35":2,"36":2,"38":2,"39":2,"40":2,"41":2,"42":2,"43":2,"44":1,"45":2,"46":2,"47":2,"48":2,"49":1,"50":1,"51":1,"52":1,"53":2,"54":2,"55":2,"56":2,"57":2,"58":2,"59":2,"60":3},"branchMap":{"0":{"type":"branch","line":3,"loc":{"start":{"line":3,"column":7},"end":{"line":61,"column":1}},"locations":[{"start":{"line":3,"column":7},"end":{"line":61,"column":1}}]},"1":{"type":"branch","line":11,"loc":{"start":{"line":11,"column":17},"end":{"line":25,"column":4}},"locations":[{"start":{"line":11,"column":17},"end":{"line":25,"column":4}}]},"2":{"type":"branch","line":15,"loc":{"start":{"line":15,"column":24},"end":{"line":15,"column":49}},"locations":[{"start":{"line":15,"column":24},"end":{"line":15,"column":49}}]},"3":{"type":"branch","line":15,"loc":{"start":{"line":15,"column":32},"end":{"line":15,"column":93}},"locations":[{"start":{"line":15,"column":32},"end":{"line":15,"column":93}}]},"4":{"type":"branch","line":18,"loc":{"start":{"line":18,"column":51},"end":{"line":18,"column":78}},"locations":[{"start":{"line":18,"column":51},"end":{"line":18,"column":78}}]},"5":{"type":"branch","line":18,"loc":{"start":{"line":18,"column":59},"end":{"line":18,"column":95}},"locations":[{"start":{"line":18,"column":59},"end":{"line":18,"column":95}}]},"6":{"type":"branch","line":27,"loc":{"start":{"line":27,"column":64},"end":{"line":60,"column":4}},"locations":[{"start":{"line":27,"column":64},"end":{"line":60,"column":4}}]},"7":{"type":"branch","line":30,"loc":{"start":{"line":30,"column":38},"end":{"line":30,"column":45}},"locations":[{"start":{"line":30,"column":38},"end":{"line":30,"column":45}}]},"8":{"type":"branch","line":44,"loc":{"start":{"line":44,"column":7},"end":{"line":46,"column":37}},"locations":[{"start":{"line":44,"column":7},"end":{"line":46,"column":37}}]},"9":{"type":"branch","line":46,"loc":{"start":{"line":46,"column":29},"end":{"line":46,"column":99}},"locations":[{"start":{"line":46,"column":29},"end":{"line":46,"column":99}}]},"10":{"type":"branch","line":49,"loc":{"start":{"line":49,"column":4},"end":{"line":54,"column":6}},"locations":[{"start":{"line":49,"column":4},"end":{"line":54,"column":6}}]}},"b":{"0":[3],"1":[4],"2":[2],"3":[2],"4":[2],"5":[2],"6":[2],"7":[0],"8":[1],"9":[0],"10":[1]},"fnMap":{"0":{"name":"mountChatPanel","decl":{"start":{"line":3,"column":7},"end":{"line":61,"column":1}},"loc":{"start":{"line":3,"column":7},"end":{"line":61,"column":1}},"line":3},"1":{"name":"append","decl":{"start":{"line":11,"column":17},"end":{"line":25,"column":4}},"loc":{"start":{"line":11,"column":17},"end":{"line":25,"column":4}},"line":11},"2":{"name":"host.querySelector.onsubmit","decl":{"start":{"line":27,"column":64},"end":{"line":60,"column":4}},"loc":{"start":{"line":27,"column":64},"end":{"line":60,"column":4}},"line":27}},"f":{"0":3,"1":4,"2":2}}
,"C:\\LexClear\\src\\views\\compareView.ts": {"path":"C:\\LexClear\\src\\views\\compareView.ts","all":false,"statementMap":{"2":{"start":{"line":3,"column":0},"end":{"line":3,"column":27}},"3":{"start":{"line":4,"column":0},"end":{"line":4,"column":47}},"4":{"start":{"line":5,"column":0},"end":{"line":5,"column":46}},"5":{"start":{"line":6,"column":0},"end":{"line":6,"column":44}},"6":{"start":{"line":7,"column":0},"end":{"line":7,"column":11}},"8":{"start":{"line":9,"column":0},"end":{"line":9,"column":39}},"9":{"start":{"line":10,"column":0},"end":{"line":10,"column":20}},"10":{"start":{"line":11,"column":0},"end":{"line":11,"column":16}},"11":{"start":{"line":12,"column":0},"end":{"line":12,"column":16}},"12":{"start":{"line":13,"column":0},"end":{"line":13,"column":18}},"13":{"start":{"line":14,"column":0},"end":{"line":14,"column":20}},"32":{"start":{"line":33,"column":0},"end":{"line":33,"column":76}},"33":{"start":{"line":34,"column":0},"end":{"line":34,"column":51}},"34":{"start":{"line":35,"column":0},"end":{"line":35,"column":52}},"36":{"start":{"line":37,"column":0},"end":{"line":37,"column":69}},"38":{"start":{"line":39,"column":0},"end":{"line":39,"column":7}},"39":{"start":{"line":40,"column":0},"end":{"line":40,"column":50}},"40":{"start":{"line":41,"column":0},"end":{"line":41,"column":21}},"41":{"start":{"line":42,"column":0},"end":{"line":42,"column":54}},"42":{"start":{"line":43,"column":0},"end":{"line":43,"column":46}},"43":{"start":{"line":44,"column":0},"end":{"line":44,"column":7}},"45":{"start":{"line":46,"column":0},"end":{"line":46,"column":75}},"46":{"start":{"line":47,"column":0},"end":{"line":47,"column":57}},"48":{"start":{"line":49,"column":0},"end":{"line":49,"column":29}},"50":{"start":{"line":51,"column":0},"end":{"line":51,"column":49}},"51":{"start":{"line":52,"column":0},"end":{"line":52,"column":55}},"52":{"start":{"line":53,"column":0},"end":{"line":53,"column":41}},"54":{"start":{"line":55,"column":0},"end":{"line":55,"column":48}},"55":{"start":{"line":56,"column":0},"end":{"line":56,"column":56}},"56":{"start":{"line":57,"column":0},"end":{"line":57,"column":47}},"58":{"start":{"line":59,"column":0},"end":{"line":59,"column":36}},"60":{"start":{"line":61,"column":0},"end":{"line":61,"column":48}},"61":{"start":{"line":62,"column":0},"end":{"line":62,"column":53}},"62":{"start":{"line":63,"column":0},"end":{"line":63,"column":96}},"64":{"start":{"line":65,"column":0},"end":{"line":65,"column":53}},"65":{"start":{"line":66,"column":0},"end":{"line":66,"column":37}},"66":{"start":{"line":67,"column":0},"end":{"line":67,"column":80}},"68":{"start":{"line":69,"column":0},"end":{"line":69,"column":44}},"69":{"start":{"line":70,"column":0},"end":{"line":70,"column":60}},"70":{"start":{"line":71,"column":0},"end":{"line":71,"column":49}},"72":{"start":{"line":73,"column":0},"end":{"line":73,"column":44}},"73":{"start":{"line":74,"column":0},"end":{"line":74,"column":60}},"74":{"start":{"line":75,"column":0},"end":{"line":75,"column":49}},"76":{"start":{"line":77,"column":0},"end":{"line":77,"column":31}},"77":{"start":{"line":78,"column":0},"end":{"line":78,"column":26}},"78":{"start":{"line":79,"column":0},"end":{"line":79,"column":7}},"79":{"start":{"line":80,"column":0},"end":{"line":80,"column":11}},"80":{"start":{"line":81,"column":0},"end":{"line":81,"column":24}},"81":{"start":{"line":82,"column":0},"end":{"line":82,"column":86}},"82":{"start":{"line":83,"column":0},"end":{"line":83,"column":3}},"83":{"start":{"line":84,"column":0},"end":{"line":84,"column":1}}},"s":{"2":1,"3":1,"4":1,"5":1,"6":1,"8":2,"9":2,"10":2,"11":2,"12":2,"13":2,"32":2,"33":2,"34":2,"36":2,"38":2,"39":2,"40":2,"41":2,"42":2,"43":2,"45":2,"46":2,"48":1,"50":1,"51":1,"52":1,"54":1,"55":1,"56":1,"58":1,"60":1,"61":2,"62":2,"64":2,"65":2,"66":2,"68":2,"69":2,"70":2,"72":2,"73":2,"74":2,"76":2,"77":2,"78":1,"79":1,"80":1,"81":1,"82":1,"83":2},"branchMap":{"0":{"type":"branch","line":9,"loc":{"start":{"line":9,"column":0},"end":{"line":84,"column":1}},"locations":[{"start":{"line":9,"column":0},"end":{"line":84,"column":1}}]},"1":{"type":"branch","line":47,"loc":{"start":{"line":47,"column":18},"end":{"line":47,"column":39}},"locations":[{"start":{"line":47,"column":18},"end":{"line":47,"column":39}}]},"2":{"type":"branch","line":47,"loc":{"start":{"line":47,"column":39},"end":{"line":83,"column":3}},"locations":[{"start":{"line":47,"column":39},"end":{"line":83,"column":3}}]},"3":{"type":"branch","line":61,"loc":{"start":{"line":61,"column":37},"end":{"line":79,"column":5}},"locations":[{"start":{"line":61,"column":37},"end":{"line":79,"column":5}}]}},"b":{"0":[2],"1":[1],"2":[1],"3":[2]},"fnMap":{"0":{"name":"mountCompareView","decl":{"start":{"line":9,"column":0},"end":{"line":84,"column":1}},"loc":{"start":{"line":9,"column":0},"end":{"line":84,"column":1}},"line":9}},"f":{"0":2}}
[...]
6,"column":29}},"86":{"start":{"line":87,"column":0},"end":{"line":87,"column":58}},"87":{"start":{"line":88,"column":0},"end":{"line":88,"column":63}},"88":{"start":{"line":89,"column":0},"end":{"line":89,"column":66}},"89":{"start":{"line":90,"column":0},"end":{"line":90,"column":25}},"90":{"start":{"line":91,"column":0},"end":{"line":91,"column":16}},"91":{"start":{"line":92,"column":0},"end":{"line":92,"column":22}},"92":{"start":{"line":93,"column":0},"end":{"line":93,"column":15}},"93":{"start":{"line":94,"column":0},"end":{"line":94,"column":13}},"94":{"start":{"line":95,"column":0},"end":{"line":95,"column":25}},"95":{"start":{"line":96,"column":0},"end":{"line":96,"column":87}},"96":{"start":{"line":97,"column":0},"end":{"line":97,"column":12}},"97":{"start":{"line":98,"column":0},"end":{"line":98,"column":6}},"98":{"start":{"line":99,"column":0},"end":{"line":99,"column":4}},"100":{"start":{"line":101,"column":0},"end":{"line":101,"column":73}},"101":{"start":{"line":102,"column":0},"end":{"line":102,"column":49}},"102":{"start":{"line":103,"column":0},"end":{"line":103,"column":41}},"103":{"start":{"line":104,"column":0},"end":{"line":104,"column":1}},"105":{"start":{"line":106,"column":0},"end":{"line":106,"column":75}},"106":{"start":{"line":107,"column":0},"end":{"line":107,"column":31}},"107":{"start":{"line":108,"column":0},"end":{"line":108,"column":52}},"108":{"start":{"line":109,"column":0},"end":{"line":109,"column":29}},"109":{"start":{"line":110,"column":0},"end":{"line":110,"column":21}},"110":{"start":{"line":111,"column":0},"end":{"line":111,"column":147}},"111":{"start":{"line":112,"column":0},"end":{"line":112,"column":30}},"112":{"start":{"line":113,"column":0},"end":{"line":113,"column":54}},"113":{"start":{"line":114,"column":0},"end":{"line":114,"column":84}},"114":{"start":{"line":115,"column":0},"end":{"line":115,"column":54}},"115":{"start":{"line":116,"column":0},"end":{"line":116,"column":23}},"116":{"start":{"line":117,"column":0},"end":{"line":117,"column":100}},"117":{"start":{"line":118,"column":0},"end":{"line":118,"column":36}},"118":{"start":{"line":119,"column":0},"end":{"line":119,"column":51}},"119":{"start":{"line":120,"column":0},"end":{"line":120,"column":59}},"120":{"start":{"line":121,"column":0},"end":{"line":121,"column":45}},"121":{"start":{"line":122,"column":0},"end":{"line":122,"column":40}},"122":{"start":{"line":123,"column":0},"end":{"line":123,"column":28}},"123":{"start":{"line":124,"column":0},"end":{"line":124,"column":5}},"124":{"start":{"line":125,"column":0},"end":{"line":125,"column":28}},"125":{"start":{"line":126,"column":0},"end":{"line":126,"column":1}},"127":{"start":{"line":128,"column":0},"end":{"line":128,"column":73}},"128":{"start":{"line":129,"column":0},"end":{"line":129,"column":30}},"129":{"start":{"line":130,"column":0},"end":{"line":130,"column":49}},"130":{"start":{"line":131,"column":0},"end":{"line":131,"column":100}},"131":{"start":{"line":132,"column":0},"end":{"line":132,"column":49}},"132":{"start":{"line":133,"column":0},"end":{"line":133,"column":28}},"133":{"start":{"line":134,"column":0},"end":{"line":134,"column":56}},"134":{"start":{"line":135,"column":0},"end":{"line":135,"column":46}},"135":{"start":{"line":136,"column":0},"end":{"line":136,"column":39}},"136":{"start":{"line":137,"column":0},"end":{"line":137,"column":42}},"137":{"start":{"line":138,"column":0},"end":{"line":138,"column":32}},"138":{"start":{"line":139,"column":0},"end":{"line":139,"column":27}},"139":{"start":{"line":140,"column":0},"end":{"line":140,"column":1}}},"s":{"1":1,"2":1,"5":1,"6":15,"7":15,"8":15,"9":15,"10":5,"11":10,"12":5,"13":5,"14":15,"15":15,"16":15,"18":1,"19":4,"20":4,"21":4,"22":4,"23":4,"24":4,"25":4,"26":4,"27":4,"28":4,"30":4,"31":4,"32":4,"33":4,"34":4,"35":4,"36":4,"37":4,"38":4,"39":4,"40":4,"41":4,"43":4,"44":4,"45":4,"46":4,"47":4,"48":4,"49":4,"50":4,"51":4,"52":4,"53":4,"54":4,"55":4,"56":4,"57":12,"58":12,"59":12,"60":12,"61":12,"62":12,"63":4,"65":4,"66":1,"67":1,"68":1,"69":1,"70":1,"71":0,"72":0,"73":0,"74":0,"75":0,"76":0,"77":0,"78":0,"79":0,"80":0,"81":0,"82":0,"83":0,"85":0,"86":0,"87":0,"88":0,"89":0,"90":0,"91":0,"92":0,"93":0,"94":0,"95":0,"96":0,"97":1,"98":1,"100":4,"101":4,"102":4,"103":4,"105":4,"106":4,"107":4,"108":4,"109":4,"110":4,"111":4,"112":4,"113":4,"114":4,"115":4,"116":4,"117":4,"118":4,"119":4,"120":4,"121":4,"122":4,"123":4,"124":4,"125":4,"127":4,"128":4,"129":4,"130":4,"131":4,"132":4,"133":4,"134":4,"135":4,"136":4,"137":4,"138":4,"139":4},"branchMap":{"0":{"type":"branch","line":6,"loc":{"start":{"line":6,"column":7},"end":{"line":17,"column":1}},"locations":[{"start":{"line":6,"column":7},"end":{"line":17,"column":1}}]},"1":{"type":"branch","line":10,"loc":{"start":{"line":10,"column":15},"end":{"line":11,"column":38}},"locations":[{"start":{"line":10,"column":15},"end":{"line":11,"column":38}}]},"2":{"type":"branch","line":11,"loc":{"start":{"line":11,"column":8},"end":{"line":14,"column":42}},"locations":[{"start":{"line":11,"column":8},"end":{"line":14,"column":42}}]},"3":{"type":"branch","line":12,"loc":{"start":{"line":12,"column":18},"end":{"line":13,"column":42}},"locations":[{"start":{"line":12,"column":18},"end":{"line":13,"column":42}}]},"4":{"type":"branch","line":13,"loc":{"start":{"line":13,"column":10},"end":{"line":14,"column":42}},"locations":[{"start":{"line":13,"column":10},"end":{"line":14,"column":42}}]},"5":{"type":"branch","line":19,"loc":{"start":{"line":19,"column":7},"end":{"line":104,"column":1}},"locations":[{"start":{"line":19,"column":7},"end":{"line":104,"column":1}}]},"6":{"type":"branch","line":102,"loc":{"start":{"line":102,"column":33},"end":{"line":102,"column":47}},"locations":[{"start":{"line":102,"column":33},"end":{"line":102,"column":47}}]},"7":{"type":"branch","line":57,"loc":{"start":{"line":57,"column":32},"end":{"line":64,"column":3}},"locations":[{"start":{"line":57,"column":32},"end":{"line":64,"column":3}}]},"8":{"type":"branch","line":66,"loc":{"start":{"line":66,"column":22},"end":{"line":99,"column":4}},"locations":[{"start":{"line":66,"column":22},"end":{"line":99,"column":4}}]},"9":{"type":"branch","line":71,"loc":{"start":{"line":71,"column":4},"end":{"line":96,"column":87}},"locations":[{"start":{"line":71,"column":4},"end":{"line":96,"column":87}}]},"10":{"type":"branch","line":96,"loc":{"start":{"line":96,"column":10},"end":{"line":97,"column":12}},"locations":[{"start":{"line":96,"column":10},"end":{"line":97,"column":12}}]},"11":{"type":"branch","line":106,"loc":{"start":{"line":106,"column":0},"end":{"line":126,"column":1}},"locations":[{"start":{"line":106,"column":0},"end":{"line":126,"column":1}}]},"12":{"type":"branch","line":107,"loc":{"start":{"line":107,"column":24},"end":{"line":107,"column":31}},"locations":[{"start":{"line":107,"column":24},"end":{"line":107,"column":31}}]},"13":{"type":"branch","line":112,"loc":{"start":{"line":112,"column":19},"end":{"line":124,"column":3}},"locations":[{"start":{"line":112,"column":19},"end":{"line":124,"column":3}}]},"14":{"type":"branch","line":128,"loc":{"start":{"line":128,"column":0},"end":{"line":140,"column":1}},"locations":[{"start":{"line":128,"column":0},"end":{"line":140,"column":1}}]},"15":{"type":"branch","line":129,"loc":{"start":{"line":129,"column":23},"end":{"line":129,"column":30}},"locations":[{"start":{"line":129,"column":23},"end":{"line":129,"column":30}}]}},"b":{"0":[15],"1":[5],"2":[10],"3":[5],"4":[5],"5":[4],"6":[0],"7":[12],"8":[1],"9":[0],"10":[0],"11":[4],"12":[0],"13":[4],"14":[4],"15":[0]},"fnMap":{"0":{"name":"renderRiskBadge","decl":{"start":{"line":6,"column":7},"end":{"line":17,"column":1}},"loc":{"start":{"line":6,"column":7},"end":{"line":17,"column":1}},"line":6},"1":{"name":"renderSimplifiedView","decl":{"start":{"line":19,"column":7},"end":{"line":104,"column":1}},"loc":{"start":{"line":19,"column":7},"end":{"line":104,"column":1}},"line":19},"2":{"name":"language.onchange","decl":{"start":{"line":66,"column":22},"end":{"line":99,"column":4}},"loc":{"start":{"line":66,"column":22},"end":{"line":99,"column":4}},"line":66},"3":{"name":"renderGlossary","decl":{"start":{"line":106,"column":0},"end":{"line":126,"column":1}},"loc":{"start":{"line":106,"column":0},"end":{"line":126,"column":1}},"line":106},"4":{"name":"renderCaveats","decl":{"start":{"line":128,"column":0},"end":{"line":140,"column":1}},"loc":{"start":{"line":128,"column":0},"end":{"line":140,"column":1}},"line":128}},"f":{"0":15,"1":4,"2":1,"3":4,"4":4}}
,"C:\\LexClear\\src\\views\\upload.ts": {"path":"C:\\LexClear\\src\\views\\upload.ts","all":false,"statementMap":{"0":{"start":{"line":1,"column":0},"end":{"line":1,"column":18}},"1":{"start":{"line":2,"column":0},"end":{"line":2,"column":20}},"2":{"start":{"line":3,"column":0},"end":{"line":3,"column":76}},"3":{"start":{"line":4,"column":0},"end":{"line":4,"column":14}},"4":{"start":{"line":5,"column":0},"end":{"line":5,"column":15}},"5":{"start":{"line":6,"column":0},"end":{"line":6,"column":2}},"11":{"start":{"line":12,"column":0},"end":{"line":12,"column":27}},"12":{"start":{"line":13,"column":0},"end":{"line":13,"column":24}},"13":{"start":{"line":14,"column":0},"end":{"line":14,"column":30}},"14":{"start":{"line":15,"column":0},"end":{"line":15,"column":22}},"15":{"start":{"line":16,"column":0},"end":{"line":16,"column":28}},"16":{"start":{"line":17,"column":0},"end":{"line":17,"column":9}},"17":{"start":{"line":18,"column":0},"end":{"line":18,"column":61}},"18":{"start":{"line":19,"column":0},"end":{"line":19,"column":33}},"19":{"start":{"line":20,"column":0},"end":{"line":20,"column":33}},"20":{"start":{"line":21,"column":0},"end":{"line":21,"column":4}},"22":{"start":{"line":23,"column":0},"end":{"line":23,"column":42}},"23":{"start":{"line":24,"column":0},"end":{"line":24,"column":22}},"25":{"start":{"line":26,"column":0},"end":{"line":26,"column":66}},"26":{"start":{"line":27,"column":0},"end":{"line":27,"column":73}},"27":{"start":{"line":28,"column":0},"end":{"line":28,"column":13}},"28":{"start":{"line":29,"column":0},"end":{"line":29,"column":5}},"30":{"start":{"line":31,"column":0},"end":{"line":31,"column":35}},"32":{"start":{"line":33,"column":0},"end":{"line":33,"column":9}},"33":{"start":{"line":34,"column":0},"end":{"line":34,"column":42}},"34":{"start":{"line":35,"column":0},"end":{"line":35,"column":32}},"36":{"start":{"line":37,"column":0},"end":{"line":37,"column":48}},"37":{"start":{"line":38,"column":0},"end":{"line":38,"column":23}},"38":{"start":{"line":39,"column":0},"end":{"line":39,"column":56}},"39":{"start":{"line":40,"column":0},"end":{"line":40,"column":30}},"40":{"start":{"line":41,"column":0},"end":{"line":41,"column":27}},"41":{"start":{"line":42,"column":0},"end":{"line":42,"column":30}},"42":{"start":{"line":43,"column":0},"end":{"line":43,"column":30}},"43":{"start":{"line":44,"column":0},"end":{"line":44,"column":11}},"44":{"start":{"line":45,"column":0},"end":{"line":45,"column":9}},"46":{"start":{"line":47,"column":0},"end":{"line":47,"column":50}},"51":{"start":{"line":52,"column":0},"end":{"line":52,"column":42}},"52":{"start":{"line":53,"column":0},"end":{"line":53,"column":94}},"53":{"start":{"line":54,"column":0},"end":{"line":54,"column":7}},"55":{"start":{"line":56,"column":0},"end":{"line":56,"column":32}},"56":{"start":{"line":57,"column":0},"end":{"line":57,"column":48}},"57":{"start":{"line":58,"column":0},"end":{"line":58,"column":37}},"58":{"start":{"line":59,"column":0},"end":{"line":59,"column":21}},"59":{"start":{"line":60,"column":0},"end":{"line":60,"column":16}},"60":{"start":{"line":61,"column":0},"end":{"line":61,"column":30}},"61":{"start":{"line":62,"column":0},"end":{"line":62,"column":25}},"62":{"start":{"line":63,"column":0},"end":{"line":63,"column":64}},"63":{"start":{"line":64,"column":0},"end":{"line":64,"column":15}},"64":{"start":{"line":65,"column":0},"end":{"line":65,"column":8}},"65":{"start":{"line":66,"column":0},"end":{"line":66,"column":5}},"66":{"start":{"line":67,"column":0},"end":{"line":67,"column":4}},"68":{"start":{"line":69,"column":0},"end":{"line":69,"column":52}},"69":{"start":{"line":70,"column":0},"end":{"line":70,"column":53}},"70":{"start":{"line":71,"column":0},"end":{"line":71,"column":29}},"71":{"start":{"line":72,"column":0},"end":{"line":72,"column":44}},"72":{"start":{"line":73,"column":0},"end":{"line":73,"column":7}},"73":{"start":{"line":74,"column":0},"end":{"line":74,"column":5}},"75":{"start":{"line":76,"column":0},"end":{"line":76,"column":48}},"76":{"start":{"line":77,"column":0},"end":{"line":77,"column":53}},"77":{"start":{"line":78,"column":0},"end":{"line":78,"column":29}},"78":{"start":{"line":79,"column":0},"end":{"line":79,"column":47}},"79":{"start":{"line":80,"column":0},"end":{"line":80,"column":7}},"80":{"start":{"line":81,"column":0},"end":{"line":81,"column":5}},"82":{"start":{"line":83,"column":0},"end":{"line":83,"column":48}},"83":{"start":{"line":84,"column":0},"end":{"line":84,"column":46}},"84":{"start":{"line":85,"column":0},"end":{"line":85,"column":23}},"85":{"start":{"line":86,"column":0},"end":{"line":86,"column":5}},"87":{"start":{"line":88,"column":0},"end":{"line":88,"column":46}},"88":{"start":{"line":89,"column":0},"end":{"line":89,"column":38}},"89":{"start":{"line":90,"column":0},"end":{"line":90,"column":23}},"90":{"start":{"line":91,"column":0},"end":{"line":91,"column":5}},"91":{"start":{"line":92,"column":0},"end":{"line":92,"column":1}},"93":{"start":{"line":94,"column":0},"end":{"line":94,"column":48}},"94":{"start":{"line":95,"column":0},"end":{"line":95,"column":43}},"95":{"start":{"line":96,"column":0},"end":{"line":96,"column":36}},"96":{"start":{"line":97,"column":0},"end":{"line":97,"column":27}},"97":{"start":{"line":98,"column":0},"end":{"line":98,"column":79}},"98":{"start":{"line":99,"column":0},"end":{"line":99,"column":87}},"99":{"start":{"line":100,"column":0},"end":{"line":100,"column":26}},"100":{"start":{"line":101,"column":0},"end":{"line":101,"column":6}},"101":{"start":{"line":102,"column":0},"end":{"line":102,"column":28}},"102":{"start":{"line":103,"column":0},"end":{"line":103,"column":47}},"103":{"start":{"line":104,"column":0},"end":{"line":104,"column":6}},"104":{"start":{"line":105,"column":0},"end":{"line":105,"column":31}},"105":{"start":{"line":106,"column":0},"end":{"line":106,"column":5}},"106":{"start":{"line":107,"column":0},"end":{"line":107,"column":1}}},"s":{"0":1,"1":1,"2":1,"3":1,"4":1,"5":1,"11":1,"12":5,"13":5,"14":5,"15":5,"16":5,"17":5,"18":9,"19":9,"20":9,"22":5,"23":4,"25":4,"26":2,"27":2,"28":2,"30":2,"32":2,"33":2,"34":2,"36":2,"37":2,"38":2,"39":2,"40":2,"41":2,"42":2,"43":2,"44":2,"46":2,"51":4,"52":1,"53":1,"55":1,"56":1,"57":1,"58":1,"59":1,"60":1,"61":1,"62":0,"63":1,"64":1,"65":1,"66":4,"68":5,"69":10,"70":1,"71":1,"72":10,"73":5,"75":5,"76":10,"77":1,"78":1,"79":10,"80":5,"82":5,"83":0,"84":0,"85":5,"87":5,"88":4,"89":4,"90":5,"91":5,"93":2,"94":2,"95":2,"96":2,"97":2,"98":2,"99":2,"100":2,"101":2,"102":0,"103":0,"104":2,"105":2,"106":2},"branchMap":{"0":{"type":"branch","line":12,"loc":{"start":{"line":12,"column":7},"end":{"line":92,"column":1}},"locations":[{"start":{"line":12,"column":7},"end":{"line":92,"column":1}}]},"1":{"type":"branch","line":18,"loc":{"start":{"line":18,"column":20},"end":{"line":21,"column":4}},"locations":[{"start":{"line":18,"column":20},"end":{"line":21,"column":4}}]},"2":{"type":"branch","line":23,"loc":{"start":{"line":23,"column":18},"end":{"line":67,"column":4}},"locations":[{"start":{"line":23,"column":18},"end":{"line":67,"column":4}}]},"3":{"type":"branch","line":24,"loc":{"start":{"line":24,"column":15},"end":{"line":24,"column":22}},"locations":[{"start":{"line":24,"column":15},"end":{"line":24,"column":22}}]},"4":{"type":"branch","line":26,"loc":{"start":{"line":26,"column":36},"end":{"line":26,"column":65}},"locations":[{"start":{"line":26,"column":36},"end":{"line":26,"column":65}}]},"5":{"type":"branch","line":26,"loc":{"start":{"line":26,"column":65},"end":{"line":52,"column":26}},"locations":[{"start":{"line":26,"column":65},"end":{"line":52,"column":26}}]},"6":{"type":"branch","line":52,"loc":{"start":{"line":52,"column":20},"end":{"line":52,"column":41}},"locations":[{"start":{"line":52,"column":20},"end":{"line":52,"column":41}}]},"7":{"type":"branch","line":52,"loc":{"start":{"line":52,"column":41},"end":{"line":66,"column":5}},"locations":[{"start":{"line":52,"column":41},"end":{"line":66,"column":5}}]},"8":{"type":"branch","line":53,"loc":{"start":{"line":53,"column":32},"end":{"line":53,"column":92}},"locations":[{"start":{"line":53,"column":32},"end":{"line":53,"column":92}}]},"9":{"type":"branch","line":62,"loc":{"start":{"line":62,"column":18},"end":{"line":63,"column":64}},"locations":[{"start":{"line":62,"column":18},"end":{"line":63,"column":64}}]},"10":{"type":"branch","line":69,"loc":{"start":{"line":69,"column":36},"end":{"line":74,"column":3}},"locations":[{"start":{"line":69,"column":36},"end":{"line":74,"column":3}}]},"11":{"type":"branch","line":70,"loc":{"start":{"line":70,"column":41},"end":{"line":73,"column":5}},"locations":[{"start":{"line":70,"column":41},"end":{"line":73,"column":5}}]},"12":{"type":"branch","line":76,"loc":{"start":{"line":76,"column":32},"end":{"line":81,"column":3}},"locations":[{"start":{"line":76,"column":32},"end":{"line":81,"column":3}}]},"13":{"type":"branch","line":77,"loc":{"start":{"line":77,"column":41},"end":{"line":80,"column":5}},"locations":[{"start":{"line":77,"column":41},"end":{"line":80,"column":5}}]},"14":{"type":"branch","line":88,"loc":{"start":{"line":88,"column":39},"end":{"line":91,"column":3}},"locations":[{"start":{"line":88,"column":39},"end":{"line":91,"column":3}}]},"15":{"type":"branch","line":94,"loc":{"start":{"line":94,"column":0},"end":{"line":107,"column":1}},"locations":[{"start":{"line":94,"column":0},"end":{"line":107,"column":1}}]},"16":{"type":"branch","line":95,"loc":{"start":{"line":95,"column":21},"end":{"line":106,"column":3}},"locations":[{"start":{"line":95,"column":21},"end":{"line":106,"column":3}}]},"17":{"type":"branch","line":97,"loc":{"start":{"line":97,"column":20},"end":{"line":101,"column":6}},"locations":[{"start":{"line":97,"column":20},"end":{"line":101,"column":6}}]},"18":{"type":"branch","line":98,"loc":{"start":{"line":98,"column":67},"end":{"line":98,"column":79}},"locations":[{"start":{"line":98,"column":67},"end":{"line":98,"column":79}}]},"19":{"type":"branch","line":99,"loc":{"start":{"line":99,"column":73},"end":{"line":99,"column":87}},"locations":[{"start":{"line":99,"column":73},"end":{"line":99,"column":87}}]}},"b":{"0":[5],"1":[9],"2":[4],"3":[0],"4":[3],"5":[2],"6":[1],"7":[1],"8":[0],"9":[0],"10":[10],"11":[1],"12":[10],"13":[1],"14":[4],"15":[2],"16":[2],"17":[2],"18":[0],"19":[0]},"fnMap":{"0":{"name":"wireUpload","decl":{"start":{"line":12,"column":7},"end":{"line":92,"column":1}},"loc":{"start":{"line":12,"column":7},"end":{"line":92,"column":1}},"line":12},"1":{"name":"setStatus","decl":{"start":{"line":18,"column":20},"end":{"line":21,"column":4}},"loc":{"start":{"line":18,"column":20},"end":{"line":21,"column":4}},"line":18},"2":{"name":"process","decl":{"start":{"line":23,"column":18},"end":{"line":67,"column":4}},"loc":{"start":{"line":23,"column":18},"end":{"line":67,"column":4}},"line":23},"3":{"name":"toBase64","decl":{"start":{"line":94,"column":0},"end":{"line":107,"column":1}},"loc":{"start":{"line":94,"column":0},"end":{"line":107,"column":1}},"line":94},"4":{"name":"reader.onload","decl":{"start":{"line":97,"column":20},"end":{"line":101,"column":6}},"loc":{"start":{"line":97,"column":20},"end":{"line":101,"column":6}},"line":97},"5":{"name":"reader.onerror","decl":{"start":{"line":102,"column":21},"end":{"line":104,"column":6}},"loc":{"start":{"line":102,"column":21},"end":{"line":104,"column":6}},"line":102}},"f":{"0":5,"1":9,"2":4,"3":2,"4":2,"5":0}}
}
